[INFO] 2025-12-09 21:21:48 - Banco de dados inicializado com sucesso.
[INFO] 2025-12-09 21:21:48 - Banco de dados inicializado com sucesso.
[INFO] 2025-12-09 21:21:48 - Adapter A: Diretório adicionado: input/modeloA
[INFO] 2025-12-09 21:21:48 - Adapter B: Diretório adicionado: input/modeloB
[INFO] 2025-12-09 21:21:48 - Adapter C: Diretório adicionado: input/modeloC
[INFO] 2025-12-09 21:21:48 - Fachada: Sistema inicializado e subsistemas conectados.
[INFO] 2025-12-09 21:22:03 - SGU: Usuário autenticado: admin
[INFO] 2025-12-09 21:22:56 - SMC: Adicionando e indexando diretório: /home/rodrigues/Documentos/Painel_monitoramento/Simulador-Hidrometro
[INFO] 2025-12-09 21:24:49 - Banco de dados inicializado com sucesso.
[INFO] 2025-12-09 21:24:49 - Banco de dados inicializado com sucesso.
[INFO] 2025-12-09 21:24:49 - Adapter A: Diretório adicionado: input/modeloA
[INFO] 2025-12-09 21:24:49 - Adapter B: Diretório adicionado: input/modeloB
[INFO] 2025-12-09 21:24:49 - Adapter C: Diretório adicionado: input/modeloC
[INFO] 2025-12-09 21:24:49 - Fachada: Sistema inicializado e subsistemas conectados.
[INFO] 2025-12-09 21:24:56 - SGU: Usuário autenticado: admin
[INFO] 2025-12-09 21:24:59 - SMC: Adicionando e indexando diretório: /home/rodrigues/Documentos/Painel_monitoramento/Simulador-Hidrometro
[INFO] 2025-12-09 21:24:59 - SMC: Observando diretório: /home/rodrigues/Documentos/Painel_monitoramento/Simulador-Hidrometro
[INFO] 2025-12-09 21:24:59 - SMC: Observando diretório: /home/rodrigues/Documentos/Painel_monitoramento/Simulador-Hidrometro/bin
[INFO] 2025-12-09 21:24:59 - SMC: Observando diretório: /home/rodrigues/Documentos/Painel_monitoramento/Simulador-Hidrometro/bin/main
[INFO] 2025-12-09 21:24:59 - SMC: Observando diretório: /home/rodrigues/Documentos/Painel_monitoramento/Simulador-Hidrometro/bin/main/java
[INFO] 2025-12-09 21:24:59 - SMC: Observando diretório: /home/rodrigues/Documentos/Painel_monitoramento/Simulador-Hidrometro/bin/main/java/br
[INFO] 2025-12-09 21:24:59 - SMC: Observando diretório: /home/rodrigues/Documentos/Painel_monitoramento/Simulador-Hidrometro/bin/main/java/br/com
[INFO] 2025-12-09 21:24:59 - SMC: Observando diretório: /home/rodrigues/Documentos/Painel_monitoramento/Simulador-Hidrometro/bin/main/java/br/com/simulador
[INFO] 2025-12-09 21:24:59 - SMC: Observando diretório: /home/rodrigues/Documentos/Painel_monitoramento/Simulador-Hidrometro/bin/main/java/br/com/simulador/observer
[INFO] 2025-12-09 21:24:59 - SMC: Observando diretório: /home/rodrigues/Documentos/Painel_monitoramento/Simulador-Hidrometro/bin/main/java/br/com/simulador/strategy
[INFO] 2025-12-09 21:24:59 - SMC: Observando diretório: /home/rodrigues/Documentos/Painel_monitoramento/Simulador-Hidrometro/bin/main/java/br/com/simulador/controller
[INFO] 2025-12-09 21:24:59 - SMC: Observando diretório: /home/rodrigues/Documentos/Painel_monitoramento/Simulador-Hidrometro/bin/main/java/br/com/simulador/hidrometro
[INFO] 2025-12-09 21:24:59 - SMC: Observando diretório: /home/rodrigues/Documentos/Painel_monitoramento/Simulador-Hidrometro/bin/main/java/br/com/simulador/hidrometro/display
[INFO] 2025-12-09 21:24:59 - SMC: Observando diretório: /home/rodrigues/Documentos/Painel_monitoramento/Simulador-Hidrometro/bin/main/java/br/com/simulador/config
[INFO] 2025-12-09 21:24:59 - SMC: Observando diretório: /home/rodrigues/Documentos/Painel_monitoramento/Simulador-Hidrometro/bin/main/java/br/com/simulador/fachada
[INFO] 2025-12-09 21:24:59 - SMC: Observando diretório: /home/rodrigues/Documentos/Painel_monitoramento/Simulador-Hidrometro/docs
[INFO] 2025-12-09 21:24:59 - SMC: Observando diretório: /home/rodrigues/Documentos/Painel_monitoramento/Simulador-Hidrometro/Medicoes_199911250009_teste_status
[INFO] 2025-12-09 21:24:59 - SMC: Observando diretório: /home/rodrigues/Documentos/Painel_monitoramento/Simulador-Hidrometro/Medicoes_199911250009_teste_img
[INFO] 2025-12-09 21:24:59 - SMC: Observando diretório: /home/rodrigues/Documentos/Painel_monitoramento/Simulador-Hidrometro/.git
[INFO] 2025-12-09 21:24:59 - SMC: Observando diretório: /home/rodrigues/Documentos/Painel_monitoramento/Simulador-Hidrometro/.git/logs
[INFO] 2025-12-09 21:24:59 - SMC: Observando diretório: /home/rodrigues/Documentos/Painel_monitoramento/Simulador-Hidrometro/.git/logs/refs
[INFO] 2025-12-09 21:24:59 - SMC: Observando diretório: /home/rodrigues/Documentos/Painel_monitoramento/Simulador-Hidrometro/.git/logs/refs/remotes
[INFO] 2025-12-09 21:24:59 - SMC: Observando diretório: /home/rodrigues/Documentos/Painel_monitoramento/Simulador-Hidrometro/.git/logs/refs/remotes/origin
[INFO] 2025-12-09 21:24:59 - SMC: Observando diretório: /home/rodrigues/Documentos/Painel_monitoramento/Simulador-Hidrometro/.git/logs/refs/heads
[INFO] 2025-12-09 21:24:59 - SMC: Observando diretório: /home/rodrigues/Documentos/Painel_monitoramento/Simulador-Hidrometro/.git/objects
[INFO] 2025-12-09 21:24:59 - SMC: Observando diretório: /home/rodrigues/Documentos/Painel_monitoramento/Simulador-Hidrometro/.git/objects/info
[INFO] 2025-12-09 21:24:59 - SMC: Observando diretório: /home/rodrigues/Documentos/Painel_monitoramento/Simulador-Hidrometro/.git/objects/pack
[INFO] 2025-12-09 21:24:59 - SMC: Observando diretório: /home/rodrigues/Documentos/Painel_monitoramento/Simulador-Hidrometro/.git/info
[INFO] 2025-12-09 21:24:59 - SMC: Observando diretório: /home/rodrigues/Documentos/Painel_monitoramento/Simulador-Hidrometro/.git/branches
[INFO] 2025-12-09 21:24:59 - SMC: Observando diretório: /home/rodrigues/Documentos/Painel_monitoramento/Simulador-Hidrometro/.git/refs
[INFO] 2025-12-09 21:24:59 - SMC: Observando diretório: /home/rodrigues/Documentos/Painel_monitoramento/Simulador-Hidrometro/.git/refs/remotes
[INFO] 2025-12-09 21:24:59 - SMC: Observando diretório: /home/rodrigues/Documentos/Painel_monitoramento/Simulador-Hidrometro/.git/refs/remotes/origin
[INFO] 2025-12-09 21:24:59 - SMC: Observando diretório: /home/rodrigues/Documentos/Painel_monitoramento/Simulador-Hidrometro/.git/refs/heads
[INFO] 2025-12-09 21:24:59 - SMC: Observando diretório: /home/rodrigues/Documentos/Painel_monitoramento/Simulador-Hidrometro/.git/refs/tags
[INFO] 2025-12-09 21:24:59 - SMC: Observando diretório: /home/rodrigues/Documentos/Painel_monitoramento/Simulador-Hidrometro/.git/hooks
[INFO] 2025-12-09 21:24:59 - SMC: Observando diretório: /home/rodrigues/Documentos/Painel_monitoramento/Simulador-Hidrometro/Resources
[INFO] 2025-12-09 21:24:59 - SMC: Observando diretório: /home/rodrigues/Documentos/Painel_monitoramento/Simulador-Hidrometro/Medicoes_199911250009_matheus123
[INFO] 2025-12-09 21:24:59 - SMC: Observando diretório: /home/rodrigues/Documentos/Painel_monitoramento/Simulador-Hidrometro/config
[INFO] 2025-12-09 21:24:59 - SMC: Observando diretório: /home/rodrigues/Documentos/Painel_monitoramento/Simulador-Hidrometro/src
[INFO] 2025-12-09 21:24:59 - SMC: Observando diretório: /home/rodrigues/Documentos/Painel_monitoramento/Simulador-Hidrometro/src/main
[INFO] 2025-12-09 21:24:59 - SMC: Observando diretório: /home/rodrigues/Documentos/Painel_monitoramento/Simulador-Hidrometro/src/main/java
[INFO] 2025-12-09 21:24:59 - SMC: Observando diretório: /home/rodrigues/Documentos/Painel_monitoramento/Simulador-Hidrometro/src/main/java/br
[INFO] 2025-12-09 21:24:59 - SMC: Observando diretório: /home/rodrigues/Documentos/Painel_monitoramento/Simulador-Hidrometro/src/main/java/br/com
[INFO] 2025-12-09 21:24:59 - SMC: Observando diretório: /home/rodrigues/Documentos/Painel_monitoramento/Simulador-Hidrometro/src/main/java/br/com/simulador
[INFO] 2025-12-09 21:24:59 - SMC: Observando diretório: /home/rodrigues/Documentos/Painel_monitoramento/Simulador-Hidrometro/src/main/java/br/com/simulador/observer
[INFO] 2025-12-09 21:24:59 - SMC: Observando diretório: /home/rodrigues/Documentos/Painel_monitoramento/Simulador-Hidrometro/src/main/java/br/com/simulador/strategy
[INFO] 2025-12-09 21:24:59 - SMC: Observando diretório: /home/rodrigues/Documentos/Painel_monitoramento/Simulador-Hidrometro/src/main/java/br/com/simulador/controller
[INFO] 2025-12-09 21:24:59 - SMC: Observando diretório: /home/rodrigues/Documentos/Painel_monitoramento/Simulador-Hidrometro/src/main/java/br/com/simulador/hidrometro
[INFO] 2025-12-09 21:24:59 - SMC: Observando diretório: /home/rodrigues/Documentos/Painel_monitoramento/Simulador-Hidrometro/src/main/java/br/com/simulador/hidrometro/display
[INFO] 2025-12-09 21:24:59 - SMC: Observando diretório: /home/rodrigues/Documentos/Painel_monitoramento/Simulador-Hidrometro/src/main/java/br/com/simulador/config
[INFO] 2025-12-09 21:24:59 - SMC: Observando diretório: /home/rodrigues/Documentos/Painel_monitoramento/Simulador-Hidrometro/src/main/java/br/com/simulador/fachada
[INFO] 2025-12-09 21:24:59 - SMC: Iniciando monitoramento SÍNCRONO (WatchService)...
[INFO] 2025-12-09 21:25:22 - SMC: Evento detectado: ENTRY_CREATE em /home/rodrigues/Documentos/Painel_monitoramento/Simulador-Hidrometro/Medicoes_199911250009_matheus123/38.jpeg
[INFO] 2025-12-09 21:25:22 - SMC: Iniciando OCR Síncrono para matheus123
[INFO] 2025-12-09 21:25:22 - Adapter A: Tesseract Raw Output: '0/1 3|82/8 meHBa @Qmin: 0,030 m3/h 994ge)Re aa994 5eee1 ge'
[INFO] 2025-12-09 21:25:22 - Adapter A: Limpeza: '0/1 3|82/8 meHBa @Qmin: 0,030 m3/h 994ge)Re aa994 5eee1 ge' -> '0138280030399499451'
[INFO] 2025-12-09 21:25:22 - Adapter A: Tesseract OCR realizado em 38.jpeg -> Valor: 138.0
[INFO] 2025-12-09 21:25:22 - SMC (State): Nova leitura iniciada para SHA matheus123
[INFO] 2025-12-09 21:25:22 - SMC (State): Já está processando.
[INFO] 2025-12-09 21:25:22 - SMC (State): Transição de estado para EstadoConcluido
[INFO] 2025-12-09 21:25:22 - SMC (Subject): Notificando observadores sobre nova leitura.
[INFO] 2025-12-09 21:25:24 - SMC: Evento detectado: ENTRY_CREATE em /home/rodrigues/Documentos/Painel_monitoramento/Simulador-Hidrometro/Medicoes_199911250009_matheus123/39.jpeg
[INFO] 2025-12-09 21:25:24 - SMC: Iniciando OCR Síncrono para matheus123
[INFO] 2025-12-09 21:25:24 - Adapter A: Tesseract Raw Output: '0/1 .3|9/4/4 meHBa @Qmin: 0,030 m3/h 9° 4aes7994 5eee1m 2'
[INFO] 2025-12-09 21:25:24 - Adapter A: Limpeza: '0/1 .3|9/4/4 meHBa @Qmin: 0,030 m3/h 9° 4aes7994 5eee1m 2' -> '01394400303947994512'
[INFO] 2025-12-09 21:25:24 - Adapter A: Tesseract OCR realizado em 39.jpeg -> Valor: 139.0
[INFO] 2025-12-09 21:25:25 - SMC (State): Nova leitura iniciada para SHA matheus123
[INFO] 2025-12-09 21:25:25 - SMC (State): Já está processando.
[INFO] 2025-12-09 21:25:25 - SMC (State): Transição de estado para EstadoConcluido
[INFO] 2025-12-09 21:25:25 - SMC (Subject): Notificando observadores sobre nova leitura.
[INFO] 2025-12-09 21:25:26 - SMC: Evento detectado: ENTRY_CREATE em /home/rodrigues/Documentos/Painel_monitoramento/Simulador-Hidrometro/Medicoes_199911250009_matheus123/40.jpeg
[INFO] 2025-12-09 21:25:26 - SMC: Iniciando OCR Síncrono para matheus123
[INFO] 2025-12-09 21:25:26 - Adapter A: Tesseract Raw Output: '0140 m?HBBn @Qmin: 0,030 m/h_ 9%Pueda9% 4 5omce'
[INFO] 2025-12-09 21:25:26 - Adapter A: Limpeza: '0140 m?HBBn @Qmin: 0,030 m/h_ 9%Pueda9% 4 5omce' -> '014000309945'
[INFO] 2025-12-09 21:25:26 - Adapter A: Tesseract OCR realizado em 40.jpeg -> Valor: 140.0
[INFO] 2025-12-09 21:25:27 - SMC (State): Nova leitura iniciada para SHA matheus123
[INFO] 2025-12-09 21:25:27 - SMC (State): Já está processando.
[INFO] 2025-12-09 21:25:27 - SMC (State): Transição de estado para EstadoConcluido
[INFO] 2025-12-09 21:25:27 - SMC (Subject): Notificando observadores sobre nova leitura.
[INFO] 2025-12-09 21:25:27 - SMC: Evento detectado: ENTRY_CREATE em /home/rodrigues/Documentos/Painel_monitoramento/Simulador-Hidrometro/Medicoes_199911250009_matheus123/41.jpeg
[INFO] 2025-12-09 21:25:27 - SMC: Iniciando OCR Síncrono para matheus123
[INFO] 2025-12-09 21:25:28 - Adapter A: Tesseract Raw Output: '0141 m?HBBn @Qmin: 0,030 m/h_ 9°Ppasbs9\o 1 5aDLy'
[INFO] 2025-12-09 21:25:28 - Adapter A: Limpeza: '0141 m?HBBn @Qmin: 0,030 m/h_ 9°Ppasbs9\o 1 5aDLy' -> '014100309915'
[INFO] 2025-12-09 21:25:28 - Adapter A: Tesseract OCR realizado em 41.jpeg -> Valor: 141.0
[INFO] 2025-12-09 21:25:28 - SMC (State): Nova leitura iniciada para SHA matheus123
[INFO] 2025-12-09 21:25:28 - SMC (State): Já está processando.
[INFO] 2025-12-09 21:25:28 - SMC (State): Transição de estado para EstadoConcluido
[INFO] 2025-12-09 21:25:28 - SMC (Subject): Notificando observadores sobre nova leitura.
[INFO] 2025-12-09 21:25:29 - SMC: Evento detectado: ENTRY_CREATE em /home/rodrigues/Documentos/Painel_monitoramento/Simulador-Hidrometro/Medicoes_199911250009_matheus123/42.jpeg
[INFO] 2025-12-09 21:25:29 - SMC: Iniciando OCR Síncrono para matheus123
[INFO] 2025-12-09 21:25:30 - Adapter A: Tesseract Raw Output: '0/14/2410 meHBa @Qmin: 0,030 m3/h 9° 4aaee\s994 5eeeee'
[INFO] 2025-12-09 21:25:30 - Adapter A: Limpeza: '0/14/2410 meHBa @Qmin: 0,030 m3/h 9° 4aaee\s994 5eeeee' -> '014241000303949945'
[INFO] 2025-12-09 21:25:30 - Adapter A: Tesseract OCR realizado em 42.jpeg -> Valor: 142.0
[INFO] 2025-12-09 21:25:30 - SMC (State): Nova leitura iniciada para SHA matheus123
[INFO] 2025-12-09 21:25:30 - SMC (State): Já está processando.
[INFO] 2025-12-09 21:25:30 - SMC (State): Transição de estado para EstadoConcluido
[INFO] 2025-12-09 21:25:30 - SMC (Subject): Notificando observadores sobre nova leitura.
[INFO] 2025-12-09 21:25:31 - SMC: Evento detectado: ENTRY_CREATE em /home/rodrigues/Documentos/Painel_monitoramento/Simulador-Hidrometro/Medicoes_199911250009_matheus123/43.jpeg
[INFO] 2025-12-09 21:25:31 - SMC: Iniciando OCR Síncrono para matheus123
[INFO] 2025-12-09 21:25:32 - Adapter A: Tesseract Raw Output: '0/1 .4|3 0.6mHBa @Qmin: 0,030 m3/h 9° 4grCeeLi,994 5eeees'
[INFO] 2025-12-09 21:25:32 - Adapter A: Limpeza: '0/1 .4|3 0.6mHBa @Qmin: 0,030 m3/h 9° 4grCeeLi,994 5eeees' -> '01430600303949945'
[INFO] 2025-12-09 21:25:32 - Adapter A: Tesseract OCR realizado em 43.jpeg -> Valor: 143.0
[INFO] 2025-12-09 21:25:32 - SMC (State): Nova leitura iniciada para SHA matheus123
[INFO] 2025-12-09 21:25:32 - SMC (State): Já está processando.
[INFO] 2025-12-09 21:25:32 - SMC (State): Transição de estado para EstadoConcluido
[INFO] 2025-12-09 21:25:32 - SMC (Subject): Notificando observadores sobre nova leitura.
[INFO] 2025-12-09 21:25:34 - SMC: Evento detectado: ENTRY_CREATE em /home/rodrigues/Documentos/Painel_monitoramento/Simulador-Hidrometro/Medicoes_199911250009_matheus123/44.jpeg
[INFO] 2025-12-09 21:25:34 - SMC: Iniciando OCR Síncrono para matheus123
[INFO] 2025-12-09 21:25:35 - Adapter A: Tesseract Raw Output: '0/14/4438 meHBa @Qmin: 0,030 m3/h 9\° 1Aleae:7994 5eee1m'
[INFO] 2025-12-09 21:25:35 - Adapter A: Limpeza: '0/14/4438 meHBa @Qmin: 0,030 m3/h 9\° 1Aleae:7994 5eee1m' -> '01444380030391799451'
[INFO] 2025-12-09 21:25:35 - Adapter A: Tesseract OCR realizado em 44.jpeg -> Valor: 144.0
[INFO] 2025-12-09 21:25:35 - SMC: Evento detectado: ENTRY_CREATE em /home/rodrigues/Documentos/Painel_monitoramento/Simulador-Hidrometro/Medicoes_199911250009_matheus123/45.jpeg
[INFO] 2025-12-09 21:25:35 - SMC: Iniciando OCR Síncrono para matheus123
[INFO] 2025-12-09 21:25:35 - SMC (State): Nova leitura iniciada para SHA matheus123
[INFO] 2025-12-09 21:25:35 - SMC (State): Já está processando.
[INFO] 2025-12-09 21:25:35 - SMC (State): Transição de estado para EstadoConcluido
[INFO] 2025-12-09 21:25:35 - SMC (Subject): Notificando observadores sobre nova leitura.
[INFO] 2025-12-09 21:25:36 - Adapter A: Tesseract Raw Output: '0145 m?HBBn @Qmin: 0,030 m/h_ 994omasé9° 5Pom'
[INFO] 2025-12-09 21:25:36 - Adapter A: Limpeza: '0145 m?HBBn @Qmin: 0,030 m/h_ 994omasé9° 5Pom' -> '0145003099495'
[INFO] 2025-12-09 21:25:36 - Adapter A: Tesseract OCR realizado em 45.jpeg -> Valor: 145.0
[INFO] 2025-12-09 21:25:36 - SMC (State): Nova leitura iniciada para SHA matheus123
[INFO] 2025-12-09 21:25:36 - SMC (State): Já está processando.
[INFO] 2025-12-09 21:25:36 - SMC (State): Transição de estado para EstadoConcluido
[INFO] 2025-12-09 21:25:36 - SMC (Subject): Notificando observadores sobre nova leitura.
[INFO] 2025-12-09 21:25:37 - SMC: Evento detectado: ENTRY_CREATE em /home/rodrigues/Documentos/Painel_monitoramento/Simulador-Hidrometro/Medicoes_199911250009_matheus123/46.jpeg
[INFO] 2025-12-09 21:25:37 - SMC: Iniciando OCR Síncrono para matheus123
[INFO] 2025-12-09 21:25:38 - Adapter A: Tesseract Raw Output: '0/14/6010 mHBa @Qmin: 0,030 m3/h 9° 4>ae:ae994 5eeeYaqe 3'
[INFO] 2025-12-09 21:25:38 - Adapter A: Limpeza: '0/14/6010 mHBa @Qmin: 0,030 m3/h 9° 4>ae:ae994 5eeeYaqe 3' -> '0146010003039499453'
[INFO] 2025-12-09 21:25:38 - Adapter A: Tesseract OCR realizado em 46.jpeg -> Valor: 146.0
[INFO] 2025-12-09 21:25:38 - SMC (State): Nova leitura iniciada para SHA matheus123
[INFO] 2025-12-09 21:25:38 - SMC (State): Já está processando.
[INFO] 2025-12-09 21:25:38 - SMC (State): Transição de estado para EstadoConcluido
[INFO] 2025-12-09 21:25:38 - SMC (Subject): Notificando observadores sobre nova leitura.
[INFO] 2025-12-09 21:25:40 - SMC: Evento detectado: ENTRY_CREATE em /home/rodrigues/Documentos/Painel_monitoramento/Simulador-Hidrometro/Medicoes_199911250009_matheus123/47.jpeg
[INFO] 2025-12-09 21:25:40 - SMC: Iniciando OCR Síncrono para matheus123
[INFO] 2025-12-09 21:25:41 - Adapter A: Tesseract Raw Output: '0147 m?HBBn @Qmin: 0,030 m/h_ 994aeQ°1 £5Or'
[INFO] 2025-12-09 21:25:41 - Adapter A: Limpeza: '0147 m?HBBn @Qmin: 0,030 m/h_ 994aeQ°1 £5Or' -> '0147003099415'
[INFO] 2025-12-09 21:25:41 - Adapter A: Tesseract OCR realizado em 47.jpeg -> Valor: 147.0
[INFO] 2025-12-09 21:25:41 - SMC (State): Nova leitura iniciada para SHA matheus123
[INFO] 2025-12-09 21:25:41 - SMC (State): Já está processando.
[INFO] 2025-12-09 21:25:41 - SMC (State): Transição de estado para EstadoConcluido
[INFO] 2025-12-09 21:25:41 - SMC (Subject): Notificando observadores sobre nova leitura.
[INFO] 2025-12-09 21:25:42 - SMC: Evento detectado: ENTRY_CREATE em /home/rodrigues/Documentos/Painel_monitoramento/Simulador-Hidrometro/Medicoes_199911250009_matheus123/48.jpeg
[INFO] 2025-12-09 21:25:42 - SMC: Iniciando OCR Síncrono para matheus123
[INFO] 2025-12-09 21:25:43 - Adapter A: Tesseract Raw Output: '0/1.4|82.3 meHBa @Qmin: 0,030 m3/h 9° 4aESi.994 5eeeee'
[INFO] 2025-12-09 21:25:43 - Adapter A: Limpeza: '0/1.4|82.3 meHBa @Qmin: 0,030 m3/h 9° 4aESi.994 5eeeee' -> '01482300303949945'
[INFO] 2025-12-09 21:25:43 - Adapter A: Tesseract OCR realizado em 48.jpeg -> Valor: 148.0
[INFO] 2025-12-09 21:25:43 - SMC (State): Nova leitura iniciada para SHA matheus123
[INFO] 2025-12-09 21:25:43 - SMC (State): Já está processando.
[INFO] 2025-12-09 21:25:43 - SMC (State): Transição de estado para EstadoConcluido
[INFO] 2025-12-09 21:25:43 - SMC (Subject): Notificando observadores sobre nova leitura.
[INFO] 2025-12-09 21:25:45 - SMC: Evento detectado: ENTRY_CREATE em /home/rodrigues/Documentos/Painel_monitoramento/Simulador-Hidrometro/Medicoes_199911250009_matheus123/49.jpeg
[INFO] 2025-12-09 21:25:45 - SMC: Iniciando OCR Síncrono para matheus123
[INFO] 2025-12-09 21:25:46 - Adapter A: Tesseract Raw Output: '0149 m?HBBn @Qmin: 0,030 m/h_ 994omtse°4 f5%Pra'
[INFO] 2025-12-09 21:25:46 - Adapter A: Limpeza: '0149 m?HBBn @Qmin: 0,030 m/h_ 994omtse°4 f5%Pra' -> '0149003099445'
[INFO] 2025-12-09 21:25:46 - Adapter A: Tesseract OCR realizado em 49.jpeg -> Valor: 149.0
[INFO] 2025-12-09 21:25:46 - SMC (State): Nova leitura iniciada para SHA matheus123
[INFO] 2025-12-09 21:25:46 - SMC (State): Já está processando.
[INFO] 2025-12-09 21:25:46 - SMC (State): Transição de estado para EstadoConcluido
[INFO] 2025-12-09 21:25:46 - SMC (Subject): Notificando observadores sobre nova leitura.
[INFO] 2025-12-09 21:25:47 - SMC: Evento detectado: ENTRY_CREATE em /home/rodrigues/Documentos/Painel_monitoramento/Simulador-Hidrometro/Medicoes_199911250009_matheus123/50.jpeg
[INFO] 2025-12-09 21:25:47 - SMC: Iniciando OCR Síncrono para matheus123
[INFO] 2025-12-09 21:25:48 - Adapter A: Tesseract Raw Output: '0150 m?HBBn @Qmin: 0,030 m/h_ 9%4SDasda9%4 5Di'
[INFO] 2025-12-09 21:25:48 - Adapter A: Limpeza: '0150 m?HBBn @Qmin: 0,030 m/h_ 9%4SDasda9%4 5Di' -> '0150003094945'
[INFO] 2025-12-09 21:25:48 - Adapter A: Tesseract OCR realizado em 50.jpeg -> Valor: 150.0
[INFO] 2025-12-09 21:25:48 - SMC (State): Nova leitura iniciada para SHA matheus123
[INFO] 2025-12-09 21:25:48 - SMC (State): Já está processando.
[INFO] 2025-12-09 21:25:48 - SMC (State): Transição de estado para EstadoConcluido
[INFO] 2025-12-09 21:25:48 - SMC (Subject): Notificando observadores sobre nova leitura.
[INFO] 2025-12-09 21:25:49 - SMC: Evento detectado: ENTRY_CREATE em /home/rodrigues/Documentos/Painel_monitoramento/Simulador-Hidrometro/Medicoes_199911250009_matheus123/51.jpeg
[INFO] 2025-12-09 21:25:49 - SMC: Iniciando OCR Síncrono para matheus123
[INFO] 2025-12-09 21:25:50 - Adapter A: Tesseract Raw Output: '0/15/15 .3 msHBa @Qmin: 0,030 m3/h 9° 4gia:see9 °F 5oP.ahs'
[INFO] 2025-12-09 21:25:50 - Adapter A: Limpeza: '0/15/15 .3 msHBa @Qmin: 0,030 m3/h 9° 4gia:see9 °F 5oP.ahs' -> '015153003039495'
[INFO] 2025-12-09 21:25:50 - Adapter A: Tesseract OCR realizado em 51.jpeg -> Valor: 151.0
[INFO] 2025-12-09 21:25:50 - SMC (State): Nova leitura iniciada para SHA matheus123
[INFO] 2025-12-09 21:25:50 - SMC (State): Já está processando.
[INFO] 2025-12-09 21:25:50 - SMC (State): Transição de estado para EstadoConcluido
[INFO] 2025-12-09 21:25:50 - SMC (Subject): Notificando observadores sobre nova leitura.
[INFO] 2025-12-09 21:25:51 - SMC: Evento detectado: ENTRY_CREATE em /home/rodrigues/Documentos/Painel_monitoramento/Simulador-Hidrometro/Medicoes_199911250009_matheus123/52.jpeg
[INFO] 2025-12-09 21:25:51 - SMC: Iniciando OCR Síncrono para matheus123
[INFO] 2025-12-09 21:25:52 - Adapter A: Tesseract Raw Output: '0152 m?HBBn @Qmin: 0,030 m/h_ 994aaadef9% 4 5oO'
[INFO] 2025-12-09 21:25:52 - Adapter A: Limpeza: '0152 m?HBBn @Qmin: 0,030 m/h_ 994aaadef9% 4 5oO' -> '01520030994945'
[INFO] 2025-12-09 21:25:52 - Adapter A: Tesseract OCR realizado em 52.jpeg -> Valor: 152.0
[INFO] 2025-12-09 21:25:52 - SMC (State): Nova leitura iniciada para SHA matheus123
[INFO] 2025-12-09 21:25:52 - SMC (State): Já está processando.
[INFO] 2025-12-09 21:25:52 - SMC (State): Transição de estado para EstadoConcluido
[INFO] 2025-12-09 21:25:52 - SMC (Subject): Notificando observadores sobre nova leitura.
[INFO] 2025-12-09 21:25:53 - SMC: Evento detectado: ENTRY_CREATE em /home/rodrigues/Documentos/Painel_monitoramento/Simulador-Hidrometro/Medicoes_199911250009_matheus123/53.jpeg
[INFO] 2025-12-09 21:25:53 - SMC: Iniciando OCR Síncrono para matheus123
[INFO] 2025-12-09 21:25:54 - Adapter A: Tesseract Raw Output: '0/15|3416 meHBa @Qmin: 0,030 m3/h 9° 4aNSaN994 5eee1g 2'
[INFO] 2025-12-09 21:25:54 - Adapter A: Limpeza: '0/15|3416 meHBa @Qmin: 0,030 m3/h 9° 4aNSaN994 5eee1g 2' -> '01534160030394994512'
[INFO] 2025-12-09 21:25:54 - Adapter A: Tesseract OCR realizado em 53.jpeg -> Valor: 153.0
[INFO] 2025-12-09 21:25:54 - SMC (State): Nova leitura iniciada para SHA matheus123
[INFO] 2025-12-09 21:25:54 - SMC (State): Já está processando.
[INFO] 2025-12-09 21:25:54 - SMC (State): Transição de estado para EstadoConcluido
[INFO] 2025-12-09 21:25:54 - SMC (Subject): Notificando observadores sobre nova leitura.
[INFO] 2025-12-09 21:25:55 - SMC: Evento detectado: ENTRY_CREATE em /home/rodrigues/Documentos/Painel_monitoramento/Simulador-Hidrometro/Medicoes_199911250009_matheus123/54.jpeg
[INFO] 2025-12-09 21:25:55 - SMC: Iniciando OCR Síncrono para matheus123
[INFO] 2025-12-09 21:25:56 - Adapter A: Tesseract Raw Output: '0/15/4419 mHBa @Qmin: 0,030 m3/h 9° 4aaa994 5eee1 ge'
[INFO] 2025-12-09 21:25:56 - Adapter A: Limpeza: '0/15/4419 mHBa @Qmin: 0,030 m3/h 9° 4aaa994 5eee1 ge' -> '0154419003039499451'
[INFO] 2025-12-09 21:25:56 - Adapter A: Tesseract OCR realizado em 54.jpeg -> Valor: 154.0
[INFO] 2025-12-09 21:25:56 - SMC (State): Nova leitura iniciada para SHA matheus123
[INFO] 2025-12-09 21:25:56 - SMC (State): Já está processando.
[INFO] 2025-12-09 21:25:56 - SMC (State): Transição de estado para EstadoConcluido
[INFO] 2025-12-09 21:25:56 - SMC (Subject): Notificando observadores sobre nova leitura.
[INFO] 2025-12-09 21:25:56 - SMC: Evento detectado: ENTRY_CREATE em /home/rodrigues/Documentos/Painel_monitoramento/Simulador-Hidrometro/Medicoes_199911250009_matheus123/55.jpeg
[INFO] 2025-12-09 21:25:56 - SMC: Iniciando OCR Síncrono para matheus123
[INFO] 2025-12-09 21:25:57 - Adapter A: Tesseract Raw Output: '0155 m?HBBn @Qmin: 0,030 m/h_ 994aei9° 5Pom'
[INFO] 2025-12-09 21:25:57 - Adapter A: Limpeza: '0155 m?HBBn @Qmin: 0,030 m/h_ 994aei9° 5Pom' -> '0155003099495'
[INFO] 2025-12-09 21:25:57 - Adapter A: Tesseract OCR realizado em 55.jpeg -> Valor: 155.0
[INFO] 2025-12-09 21:25:57 - SMC (State): Nova leitura iniciada para SHA matheus123
[INFO] 2025-12-09 21:25:57 - SMC (State): Já está processando.
[INFO] 2025-12-09 21:25:57 - SMC (State): Transição de estado para EstadoConcluido
[INFO] 2025-12-09 21:25:57 - SMC (Subject): Notificando observadores sobre nova leitura.
[INFO] 2025-12-09 21:25:58 - SMC: Evento detectado: ENTRY_CREATE em /home/rodrigues/Documentos/Painel_monitoramento/Simulador-Hidrometro/Medicoes_199911250009_matheus123/56.jpeg
[INFO] 2025-12-09 21:25:58 - SMC: Iniciando OCR Síncrono para matheus123
[INFO] 2025-12-09 21:25:59 - Adapter A: Tesseract Raw Output: '0156 m?HBBn @Qmin: 0,030 m/h_ 994sna9° 5Pom'
[INFO] 2025-12-09 21:25:59 - Adapter A: Limpeza: '0156 m?HBBn @Qmin: 0,030 m/h_ 994sna9° 5Pom' -> '0156003099495'
[INFO] 2025-12-09 21:25:59 - Adapter A: Tesseract OCR realizado em 56.jpeg -> Valor: 156.0
[INFO] 2025-12-09 21:25:59 - SMC (State): Nova leitura iniciada para SHA matheus123
[INFO] 2025-12-09 21:25:59 - SMC (State): Já está processando.
[INFO] 2025-12-09 21:25:59 - SMC (State): Transição de estado para EstadoConcluido
[INFO] 2025-12-09 21:25:59 - SMC (Subject): Notificando observadores sobre nova leitura.
[INFO] 2025-12-09 21:26:00 - SMC: Evento detectado: ENTRY_CREATE em /home/rodrigues/Documentos/Painel_monitoramento/Simulador-Hidrometro/Medicoes_199911250009_matheus123/57.jpeg
[INFO] 2025-12-09 21:26:00 - SMC: Iniciando OCR Síncrono para matheus123
[INFO] 2025-12-09 21:26:01 - Adapter A: Tesseract Raw Output: '0157 m?HBBn @Qmin: 0,030 m/h_ 994omaei9% 4 5omce'
[INFO] 2025-12-09 21:26:01 - Adapter A: Limpeza: '0157 m?HBBn @Qmin: 0,030 m/h_ 994omaei9% 4 5omce' -> '01570030994945'
[INFO] 2025-12-09 21:26:01 - Adapter A: Tesseract OCR realizado em 57.jpeg -> Valor: 157.0
[INFO] 2025-12-09 21:26:01 - SMC (State): Nova leitura iniciada para SHA matheus123
[INFO] 2025-12-09 21:26:01 - SMC (State): Já está processando.
[INFO] 2025-12-09 21:26:01 - SMC (State): Transição de estado para EstadoConcluido
[INFO] 2025-12-09 21:26:01 - SMC (Subject): Notificando observadores sobre nova leitura.
[INFO] 2025-12-09 21:29:48 - SMC: Evento detectado: ENTRY_CREATE em /home/rodrigues/Documentos/Painel_monitoramento/Simulador-Hidrometro/Medicoes_199911250009_matheus123/58.jpeg
[INFO] 2025-12-09 21:29:48 - SMC: Iniciando OCR Síncrono para matheus123
[INFO] 2025-12-09 21:29:49 - Adapter A: Tesseract Raw Output: '0/15/8010 mHBa @Qmin: 0,030 m3/h 9° 4orae:7Ad 5Avhs Z'
[INFO] 2025-12-09 21:29:49 - Adapter A: Limpeza: '0/15/8010 mHBa @Qmin: 0,030 m3/h 9° 4orae:7Ad 5Avhs Z' -> '0158010003039475'
[INFO] 2025-12-09 21:29:49 - Adapter A: Tesseract OCR realizado em 58.jpeg -> Valor: 158.0
[INFO] 2025-12-09 21:29:49 - SMC (State): Nova leitura iniciada para SHA matheus123
[INFO] 2025-12-09 21:29:49 - SMC (State): Já está processando.
[INFO] 2025-12-09 21:29:49 - SMC (State): Transição de estado para EstadoConcluido
[INFO] 2025-12-09 21:29:49 - SMC (Subject): Notificando observadores sobre nova leitura.
[INFO] 2025-12-09 21:34:47 - SMC: Evento detectado: ENTRY_CREATE em /home/rodrigues/Documentos/Painel_monitoramento/Simulador-Hidrometro/Medicoes_199911250009_matheus123/59.jpeg
[INFO] 2025-12-09 21:34:47 - SMC: Iniciando OCR Síncrono para matheus123
[INFO] 2025-12-09 21:34:47 - Adapter A: Tesseract Raw Output: '0/15|9 010mHBa @Qmin: 0,030 m3/h 9° 4gran:sea994 5eeepe'
[INFO] 2025-12-09 21:34:47 - Adapter A: Limpeza: '0/15|9 010mHBa @Qmin: 0,030 m3/h 9° 4gran:sea994 5eeepe' -> '015901000303949945'
[INFO] 2025-12-09 21:34:47 - Adapter A: Tesseract OCR realizado em 59.jpeg -> Valor: 159.0
[INFO] 2025-12-09 21:34:48 - SMC (State): Nova leitura iniciada para SHA matheus123
[INFO] 2025-12-09 21:34:48 - SMC (State): Já está processando.
[INFO] 2025-12-09 21:34:48 - SMC (State): Transição de estado para EstadoConcluido
[INFO] 2025-12-09 21:34:48 - SMC (Subject): Notificando observadores sobre nova leitura.
[INFO] 2025-12-09 21:38:12 - SMC: Evento detectado: ENTRY_CREATE em /home/rodrigues/Documentos/Painel_monitoramento/Simulador-Hidrometro/Medicoes_199911250009_matheus123/60.jpeg
[INFO] 2025-12-09 21:38:12 - SMC: Iniciando OCR Síncrono para matheus123
[INFO] 2025-12-09 21:38:13 - Adapter A: Tesseract Raw Output: '0/1 6/0 0/4 meHBa @Qmin: 0,030 m3/h 9° 4graNy994 5eee'
[INFO] 2025-12-09 21:38:13 - Adapter A: Limpeza: '0/1 6/0 0/4 meHBa @Qmin: 0,030 m3/h 9° 4graNy994 5eee' -> '01600400303949945'
[INFO] 2025-12-09 21:38:13 - Adapter A: Tesseract OCR realizado em 60.jpeg -> Valor: 160.0
[INFO] 2025-12-09 21:38:13 - SMC (State): Nova leitura iniciada para SHA matheus123
[INFO] 2025-12-09 21:38:13 - SMC (State): Já está processando.
[INFO] 2025-12-09 21:38:13 - SMC (State): Transição de estado para EstadoConcluido
[INFO] 2025-12-09 21:38:13 - SMC (Subject): Notificando observadores sobre nova leitura.
[INFO] 2025-12-09 21:38:21 - SMC: Evento detectado: ENTRY_CREATE em /home/rodrigues/Documentos/Painel_monitoramento/Simulador-Hidrometro/Medicoes_199911250009_matheus123/61.jpeg
[INFO] 2025-12-09 21:38:21 - SMC: Iniciando OCR Síncrono para matheus123
[INFO] 2025-12-09 21:38:22 - Adapter A: Tesseract Raw Output: '01641 m?HBoe )Qn: 1.5 mmQmin: 0,030 7h 942 2ae9°3 £548 27 3Bigcd'
[INFO] 2025-12-09 21:38:22 - Adapter A: Limpeza: '01641 m?HBoe )Qn: 1.5 mmQmin: 0,030 7h 942 2ae9°3 £548 27 3Bigcd' -> '016411500307942293548273'
[INFO] 2025-12-09 21:38:22 - Adapter A: Tesseract OCR realizado em 61.jpeg -> Valor: 164.0
[INFO] 2025-12-09 21:38:22 - SMC (State): Nova leitura iniciada para SHA matheus123
[INFO] 2025-12-09 21:38:22 - SMC (State): Já está processando.
[INFO] 2025-12-09 21:38:22 - SMC (State): Transição de estado para EstadoConcluido
[INFO] 2025-12-09 21:38:22 - SMC (Subject): Notificando observadores sobre nova leitura.
[INFO] 2025-12-09 21:38:32 - SMC: Evento detectado: ENTRY_CREATE em /home/rodrigues/Documentos/Painel_monitoramento/Simulador-Hidrometro/Medicoes_199911250009_matheus123/62.jpeg
[INFO] 2025-12-09 21:38:32 - SMC: Iniciando OCR Síncrono para matheus123
[INFO] 2025-12-09 21:38:33 - Adapter A: Tesseract Raw Output: '0/1 6|2/0/8 meHBa @Qmin: 0,030 m3/h 9° 4aaeAF994 5Seee1 pes'
[INFO] 2025-12-09 21:38:33 - Adapter A: Limpeza: '0/1 6|2/0/8 meHBa @Qmin: 0,030 m3/h 9° 4aaeAF994 5Seee1 pes' -> '016208003039499451'
[INFO] 2025-12-09 21:38:33 - Adapter A: Tesseract OCR realizado em 62.jpeg -> Valor: 162.0
[INFO] 2025-12-09 21:38:33 - SMC (State): Nova leitura iniciada para SHA matheus123
[INFO] 2025-12-09 21:38:33 - SMC (State): Já está processando.
[INFO] 2025-12-09 21:38:33 - SMC (State): Transição de estado para EstadoConcluido
[INFO] 2025-12-09 21:38:33 - SMC (Subject): Notificando observadores sobre nova leitura.
[INFO] 2025-12-09 21:38:42 - SMC: Evento detectado: ENTRY_CREATE em /home/rodrigues/Documentos/Painel_monitoramento/Simulador-Hidrometro/Medicoes_199911250009_matheus123/63.jpeg
[INFO] 2025-12-09 21:38:42 - SMC: Iniciando OCR Síncrono para matheus123
[INFO] 2025-12-09 21:38:43 - Adapter A: Tesseract Raw Output: '0163 m?HBBn @Qmin: 0,030 m/h_ 994Omoe“9%4 5OO-'
[INFO] 2025-12-09 21:38:43 - Adapter A: Limpeza: '0163 m?HBBn @Qmin: 0,030 m/h_ 994Omoe“9%4 5OO-' -> '01630030994945'
[INFO] 2025-12-09 21:38:43 - Adapter A: Tesseract OCR realizado em 63.jpeg -> Valor: 163.0
[INFO] 2025-12-09 21:38:43 - SMC (State): Nova leitura iniciada para SHA matheus123
[INFO] 2025-12-09 21:38:43 - SMC (State): Já está processando.
[INFO] 2025-12-09 21:38:43 - SMC (State): Transição de estado para EstadoConcluido
[INFO] 2025-12-09 21:38:43 - SMC (Subject): Notificando observadores sobre nova leitura.
[INFO] 2025-12-09 21:38:51 - SMC: Evento detectado: ENTRY_CREATE em /home/rodrigues/Documentos/Painel_monitoramento/Simulador-Hidrometro/Medicoes_199911250009_matheus123/64.jpeg
[INFO] 2025-12-09 21:38:51 - SMC: Iniciando OCR Síncrono para matheus123
[INFO] 2025-12-09 21:38:52 - Adapter A: Tesseract Raw Output: '0/16/4011 mHBa @Qmin: 0,030 m3/h 9° 4aa:AS994 5eeeHees'
[INFO] 2025-12-09 21:38:52 - Adapter A: Limpeza: '0/16/4011 mHBa @Qmin: 0,030 m3/h 9° 4aa:AS994 5eeeHees' -> '016401100303949945'
[INFO] 2025-12-09 21:38:52 - Adapter A: Tesseract OCR realizado em 64.jpeg -> Valor: 164.0
[INFO] 2025-12-09 21:38:52 - SMC (State): Nova leitura iniciada para SHA matheus123
[INFO] 2025-12-09 21:38:52 - SMC (State): Já está processando.
[INFO] 2025-12-09 21:38:52 - SMC (State): Transição de estado para EstadoConcluido
[INFO] 2025-12-09 21:38:52 - SMC (Subject): Notificando observadores sobre nova leitura.
[INFO] 2025-12-09 21:39:01 - SMC: Evento detectado: ENTRY_CREATE em /home/rodrigues/Documentos/Painel_monitoramento/Simulador-Hidrometro/Medicoes_199911250009_matheus123/65.jpeg
[INFO] 2025-12-09 21:39:01 - SMC: Iniciando OCR Síncrono para matheus123
[INFO] 2025-12-09 21:39:02 - Adapter A: Tesseract Raw Output: '0165 m?HBBn @Qmin: 0,030 m/h_ Q°4aaadet9%4 5OO-'
[INFO] 2025-12-09 21:39:02 - Adapter A: Limpeza: '0165 m?HBBn @Qmin: 0,030 m/h_ Q°4aaadet9%4 5OO-' -> '016500304945'
[INFO] 2025-12-09 21:39:02 - Adapter A: Tesseract OCR realizado em 65.jpeg -> Valor: 165.0
[INFO] 2025-12-09 21:39:02 - SMC (State): Nova leitura iniciada para SHA matheus123
[INFO] 2025-12-09 21:39:02 - SMC (State): Já está processando.
[INFO] 2025-12-09 21:39:02 - SMC (State): Transição de estado para EstadoConcluido
[INFO] 2025-12-09 21:39:02 - SMC (Subject): Notificando observadores sobre nova leitura.
[INFO] 2025-12-09 21:39:13 - SMC: Evento detectado: ENTRY_CREATE em /home/rodrigues/Documentos/Painel_monitoramento/Simulador-Hidrometro/Medicoes_199911250009_matheus123/66.jpeg
[INFO] 2025-12-09 21:39:13 - SMC: Iniciando OCR Síncrono para matheus123
[INFO] 2025-12-09 21:39:13 - Adapter A: Tesseract Raw Output: '0166 m?HBBn @Qmin: 0,030 m/h_ 994omalls944 =pa'
[INFO] 2025-12-09 21:39:13 - Adapter A: Limpeza: '0166 m?HBBn @Qmin: 0,030 m/h_ 994omalls944 =pa' -> '01660030994944'
[INFO] 2025-12-09 21:39:13 - Adapter A: Tesseract OCR realizado em 66.jpeg -> Valor: 166.0
[INFO] 2025-12-09 21:39:13 - SMC (State): Nova leitura iniciada para SHA matheus123
[INFO] 2025-12-09 21:39:13 - SMC (State): Já está processando.
[INFO] 2025-12-09 21:39:13 - SMC (State): Transição de estado para EstadoConcluido
[INFO] 2025-12-09 21:39:13 - SMC (Subject): Notificando observadores sobre nova leitura.
[INFO] 2025-12-09 21:39:23 - SMC: Evento detectado: ENTRY_CREATE em /home/rodrigues/Documentos/Painel_monitoramento/Simulador-Hidrometro/Medicoes_199911250009_matheus123/67.jpeg
[INFO] 2025-12-09 21:39:23 - SMC: Iniciando OCR Síncrono para matheus123
[INFO] 2025-12-09 21:39:23 - Adapter A: Tesseract Raw Output: '0/1 6|7 0.2 \mHBa @Qmin: 0,030 m3/h 9° 4grRe asee994 5eeeee'
[INFO] 2025-12-09 21:39:23 - Adapter A: Limpeza: '0/1 6|7 0.2 \mHBa @Qmin: 0,030 m3/h 9° 4grRe asee994 5eeeee' -> '01670200303949945'
[INFO] 2025-12-09 21:39:23 - Adapter A: Tesseract OCR realizado em 67.jpeg -> Valor: 167.0
[INFO] 2025-12-09 21:39:23 - SMC (State): Nova leitura iniciada para SHA matheus123
[INFO] 2025-12-09 21:39:23 - SMC (State): Já está processando.
[INFO] 2025-12-09 21:39:23 - SMC (State): Transição de estado para EstadoConcluido
[INFO] 2025-12-09 21:39:23 - SMC (Subject): Notificando observadores sobre nova leitura.
[INFO] 2025-12-09 21:39:33 - SMC: Evento detectado: ENTRY_CREATE em /home/rodrigues/Documentos/Painel_monitoramento/Simulador-Hidrometro/Medicoes_199911250009_matheus123/68.jpeg
[INFO] 2025-12-09 21:39:33 - SMC: Iniciando OCR Síncrono para matheus123
[INFO] 2025-12-09 21:39:33 - Adapter A: Tesseract Raw Output: '0/1 6|8 0.5 mHBa @Qmin: 0,030 m3/h 9 %4aeOeea994 5aees'
[INFO] 2025-12-09 21:39:33 - Adapter A: Limpeza: '0/1 6|8 0.5 mHBa @Qmin: 0,030 m3/h 9 %4aeOeea994 5aees' -> '01680500303949945'
[INFO] 2025-12-09 21:39:33 - Adapter A: Tesseract OCR realizado em 68.jpeg -> Valor: 168.0
[INFO] 2025-12-09 21:39:33 - SMC (State): Nova leitura iniciada para SHA matheus123
[INFO] 2025-12-09 21:39:33 - SMC (State): Já está processando.
[INFO] 2025-12-09 21:39:33 - SMC (State): Transição de estado para EstadoConcluido
[INFO] 2025-12-09 21:39:33 - SMC (Subject): Notificando observadores sobre nova leitura.
[INFO] 2025-12-09 21:39:43 - SMC: Evento detectado: ENTRY_CREATE em /home/rodrigues/Documentos/Painel_monitoramento/Simulador-Hidrometro/Medicoes_199911250009_matheus123/69.jpeg
[INFO] 2025-12-09 21:39:43 - SMC: Iniciando OCR Síncrono para matheus123
[INFO] 2025-12-09 21:39:43 - Adapter A: Tesseract Raw Output: '0/1 6|9 0/1 mHBa @Qmin: 0,030 m3/h 9° 4grae:sea994 5eee1 meg'
[INFO] 2025-12-09 21:39:43 - Adapter A: Limpeza: '0/1 6|9 0/1 mHBa @Qmin: 0,030 m3/h 9° 4grae:sea994 5eee1 meg' -> '016901003039499451'
[INFO] 2025-12-09 21:39:43 - Adapter A: Tesseract OCR realizado em 69.jpeg -> Valor: 169.0
[INFO] 2025-12-09 21:39:43 - SMC (State): Nova leitura iniciada para SHA matheus123
[INFO] 2025-12-09 21:39:43 - SMC (State): Já está processando.
[INFO] 2025-12-09 21:39:43 - SMC (State): Transição de estado para EstadoConcluido
[INFO] 2025-12-09 21:39:43 - SMC (Subject): Notificando observadores sobre nova leitura.
[INFO] 2025-12-09 21:39:54 - SMC: Evento detectado: ENTRY_CREATE em /home/rodrigues/Documentos/Painel_monitoramento/Simulador-Hidrometro/Medicoes_199911250009_matheus123/70.jpeg
[INFO] 2025-12-09 21:39:54 - SMC: Iniciando OCR Síncrono para matheus123
[INFO] 2025-12-09 21:39:54 - Adapter A: Tesseract Raw Output: '0170 m?HBBn @Qmin: 0,030 m/h_ 924OroneS9% 4 5omom'
[INFO] 2025-12-09 21:39:54 - Adapter A: Limpeza: '0170 m?HBBn @Qmin: 0,030 m/h_ 924OroneS9% 4 5omom' -> '01700030924945'
[INFO] 2025-12-09 21:39:54 - Adapter A: Tesseract OCR realizado em 70.jpeg -> Valor: 170.0
[INFO] 2025-12-09 21:39:54 - SMC (State): Nova leitura iniciada para SHA matheus123
[INFO] 2025-12-09 21:39:54 - SMC (State): Já está processando.
[INFO] 2025-12-09 21:39:54 - SMC (State): Transição de estado para EstadoConcluido
[INFO] 2025-12-09 21:39:54 - SMC (Subject): Notificando observadores sobre nova leitura.
[INFO] 2025-12-09 21:40:04 - SMC: Evento detectado: ENTRY_CREATE em /home/rodrigues/Documentos/Painel_monitoramento/Simulador-Hidrometro/Medicoes_199911250009_matheus123/71.jpeg
[INFO] 2025-12-09 21:40:04 - SMC: Iniciando OCR Síncrono para matheus123
[INFO] 2025-12-09 21:40:04 - Adapter A: Tesseract Raw Output: '0/1.7|10.9 meHBa @Qmin: 0,030 m3/h Qo 1aRe a2 ea994 5oeoe'
[INFO] 2025-12-09 21:40:04 - Adapter A: Limpeza: '0/1.7|10.9 meHBa @Qmin: 0,030 m3/h Qo 1aRe a2 ea994 5oeoe' -> '01710900303129945'
[INFO] 2025-12-09 21:40:04 - Adapter A: Tesseract OCR realizado em 71.jpeg -> Valor: 171.0
[INFO] 2025-12-09 21:40:04 - SMC (State): Nova leitura iniciada para SHA matheus123
[INFO] 2025-12-09 21:40:04 - SMC (State): Já está processando.
[INFO] 2025-12-09 21:40:04 - SMC (State): Transição de estado para EstadoConcluido
[INFO] 2025-12-09 21:40:04 - SMC (Subject): Notificando observadores sobre nova leitura.
[INFO] 2025-12-09 21:40:14 - SMC: Evento detectado: ENTRY_CREATE em /home/rodrigues/Documentos/Painel_monitoramento/Simulador-Hidrometro/Medicoes_199911250009_matheus123/72.jpeg
[INFO] 2025-12-09 21:40:14 - SMC: Iniciando OCR Síncrono para matheus123
[INFO] 2025-12-09 21:40:14 - Adapter A: Tesseract Raw Output: '0/1.7\2/0/4 meHBa @Qmin: 0,030 m3/h 9° 4eiae:2 ea994 5oei;'
[INFO] 2025-12-09 21:40:14 - Adapter A: Limpeza: '0/1.7\2/0/4 meHBa @Qmin: 0,030 m3/h 9° 4eiae:2 ea994 5oei;' -> '017204003039429945'
[INFO] 2025-12-09 21:40:14 - Adapter A: Tesseract OCR realizado em 72.jpeg -> Valor: 172.0
[INFO] 2025-12-09 21:40:14 - SMC (State): Nova leitura iniciada para SHA matheus123
[INFO] 2025-12-09 21:40:14 - SMC (State): Já está processando.
[INFO] 2025-12-09 21:40:14 - SMC (State): Transição de estado para EstadoConcluido
[INFO] 2025-12-09 21:40:14 - SMC (Subject): Notificando observadores sobre nova leitura.
[INFO] 2025-12-09 21:40:24 - SMC: Evento detectado: ENTRY_CREATE em /home/rodrigues/Documentos/Painel_monitoramento/Simulador-Hidrometro/Medicoes_199911250009_matheus123/73.jpeg
[INFO] 2025-12-09 21:40:24 - SMC: Iniciando OCR Síncrono para matheus123
[INFO] 2025-12-09 21:40:25 - Adapter A: Tesseract Raw Output: '0/1.7|30/1 msHBa @Qmin: 0,030 m3/h 9° 4grYINGa994 5eeei'
[INFO] 2025-12-09 21:40:25 - Adapter A: Limpeza: '0/1.7|30/1 msHBa @Qmin: 0,030 m3/h 9° 4grYINGa994 5eeei' -> '01730100303949945'
[INFO] 2025-12-09 21:40:25 - Adapter A: Tesseract OCR realizado em 73.jpeg -> Valor: 173.0
[INFO] 2025-12-09 21:40:25 - SMC (State): Nova leitura iniciada para SHA matheus123
[INFO] 2025-12-09 21:40:25 - SMC (State): Já está processando.
[INFO] 2025-12-09 21:40:25 - SMC (State): Transição de estado para EstadoConcluido
[INFO] 2025-12-09 21:40:25 - SMC (Subject): Notificando observadores sobre nova leitura.
[INFO] 2025-12-09 21:40:34 - SMC: Evento detectado: ENTRY_CREATE em /home/rodrigues/Documentos/Painel_monitoramento/Simulador-Hidrometro/Medicoes_199911250009_matheus123/74.jpeg
[INFO] 2025-12-09 21:40:34 - SMC: Iniciando OCR Síncrono para matheus123
[INFO] 2025-12-09 21:40:35 - Adapter A: Tesseract Raw Output: '0174 m?HBBn @Qmin: 0,030 m/h_ 9%DPiyiW941 5aDom'
[INFO] 2025-12-09 21:40:35 - Adapter A: Limpeza: '0174 m?HBBn @Qmin: 0,030 m/h_ 9%DPiyiW941 5aDom' -> '0174003099415'
[INFO] 2025-12-09 21:40:35 - Adapter A: Tesseract OCR realizado em 74.jpeg -> Valor: 174.0
[INFO] 2025-12-09 21:40:35 - SMC (State): Nova leitura iniciada para SHA matheus123
[INFO] 2025-12-09 21:40:35 - SMC (State): Já está processando.
[INFO] 2025-12-09 21:40:35 - SMC (State): Transição de estado para EstadoConcluido
[INFO] 2025-12-09 21:40:35 - SMC (Subject): Notificando observadores sobre nova leitura.
[INFO] 2025-12-09 21:40:43 - SMC: Evento detectado: ENTRY_CREATE em /home/rodrigues/Documentos/Painel_monitoramento/Simulador-Hidrometro/Medicoes_199911250009_matheus123/75.jpeg
[INFO] 2025-12-09 21:40:43 - SMC: Iniciando OCR Síncrono para matheus123
[INFO] 2025-12-09 21:40:44 - Adapter A: Tesseract Raw Output: '0175 m?HBBn @Qmin: 0,030 m/h_ 994omus944 5pa'
[INFO] 2025-12-09 21:40:44 - Adapter A: Limpeza: '0175 m?HBBn @Qmin: 0,030 m/h_ 994omus944 5pa' -> '017500309949445'
[INFO] 2025-12-09 21:40:44 - Adapter A: Tesseract OCR realizado em 75.jpeg -> Valor: 175.0
[INFO] 2025-12-09 21:40:44 - SMC (State): Nova leitura iniciada para SHA matheus123
[INFO] 2025-12-09 21:40:44 - SMC (State): Já está processando.
[INFO] 2025-12-09 21:40:44 - SMC (State): Transição de estado para EstadoConcluido
[INFO] 2025-12-09 21:40:44 - SMC (Subject): Notificando observadores sobre nova leitura.
[INFO] 2025-12-09 21:40:53 - SMC: Evento detectado: ENTRY_CREATE em /home/rodrigues/Documentos/Painel_monitoramento/Simulador-Hidrometro/Medicoes_199911250009_matheus123/76.jpeg
[INFO] 2025-12-09 21:40:53 - SMC: Iniciando OCR Síncrono para matheus123
[INFO] 2025-12-09 21:40:54 - Adapter A: Tesseract Raw Output: '0/17\6 0.6 mHBa @Qmin: 0,030 m3/h 9° 4aa:AS994 5eeees'
[INFO] 2025-12-09 21:40:54 - Adapter A: Limpeza: '0/17\6 0.6 mHBa @Qmin: 0,030 m3/h 9° 4aa:AS994 5eeees' -> '01760600303949945'
[INFO] 2025-12-09 21:40:54 - Adapter A: Tesseract OCR realizado em 76.jpeg -> Valor: 176.0
[INFO] 2025-12-09 21:40:54 - SMC (State): Nova leitura iniciada para SHA matheus123
[INFO] 2025-12-09 21:40:54 - SMC (State): Já está processando.
[INFO] 2025-12-09 21:40:54 - SMC (State): Transição de estado para EstadoConcluido
[INFO] 2025-12-09 21:40:54 - SMC (Subject): Notificando observadores sobre nova leitura.
[INFO] 2025-12-09 21:41:03 - SMC: Evento detectado: ENTRY_CREATE em /home/rodrigues/Documentos/Painel_monitoramento/Simulador-Hidrometro/Medicoes_199911250009_matheus123/77.jpeg
[INFO] 2025-12-09 21:41:03 - SMC: Iniciando OCR Síncrono para matheus123
[INFO] 2025-12-09 21:41:04 - Adapter A: Tesseract Raw Output: '0/1.7|70.3 meHBa @Qmin: 0,030 m3/h 9° 4aaeAy994 3soakLae'
[INFO] 2025-12-09 21:41:04 - Adapter A: Limpeza: '0/1.7|70.3 meHBa @Qmin: 0,030 m3/h 9° 4aaeAy994 3soakLae' -> '01770300303949943'
[INFO] 2025-12-09 21:41:04 - Adapter A: Tesseract OCR realizado em 77.jpeg -> Valor: 177.0
[INFO] 2025-12-09 21:41:04 - SMC (State): Nova leitura iniciada para SHA matheus123
[INFO] 2025-12-09 21:41:04 - SMC (State): Já está processando.
[INFO] 2025-12-09 21:41:04 - SMC (State): Transição de estado para EstadoConcluido
[INFO] 2025-12-09 21:41:04 - SMC (Subject): Notificando observadores sobre nova leitura.
[INFO] 2025-12-09 21:41:15 - SMC: Evento detectado: ENTRY_CREATE em /home/rodrigues/Documentos/Painel_monitoramento/Simulador-Hidrometro/Medicoes_199911250009_matheus123/78.jpeg
[INFO] 2025-12-09 21:41:15 - SMC: Iniciando OCR Síncrono para matheus123
[INFO] 2025-12-09 21:41:15 - Adapter A: Tesseract Raw Output: '0178 m?HBBn @Qmin: 0,030 m/h_ 994aaea9% 4 5omom'
[INFO] 2025-12-09 21:41:15 - Adapter A: Limpeza: '0178 m?HBBn @Qmin: 0,030 m/h_ 994aaea9% 4 5omom' -> '01780030994945'
[INFO] 2025-12-09 21:41:15 - Adapter A: Tesseract OCR realizado em 78.jpeg -> Valor: 178.0
[INFO] 2025-12-09 21:41:15 - SMC (State): Nova leitura iniciada para SHA matheus123
[INFO] 2025-12-09 21:41:15 - SMC (State): Já está processando.
[INFO] 2025-12-09 21:41:15 - SMC (State): Transição de estado para EstadoConcluido
[INFO] 2025-12-09 21:41:15 - SMC (Subject): Notificando observadores sobre nova leitura.
[INFO] 2025-12-09 21:41:26 - SMC: Evento detectado: ENTRY_CREATE em /home/rodrigues/Documentos/Painel_monitoramento/Simulador-Hidrometro/Medicoes_199911250009_matheus123/79.jpeg
[INFO] 2025-12-09 21:41:26 - SMC: Iniciando OCR Síncrono para matheus123
[INFO] 2025-12-09 21:41:26 - Adapter A: Tesseract Raw Output: '0/17|9 1016 mHBa @Qmin: 0,030 m3/h 994otRe asea994 5soakLae'
[INFO] 2025-12-09 21:41:26 - Adapter A: Limpeza: '0/17|9 1016 mHBa @Qmin: 0,030 m3/h 994otRe asea994 5soakLae' -> '01791016003039949945'
[INFO] 2025-12-09 21:41:26 - Adapter A: Tesseract OCR realizado em 79.jpeg -> Valor: 179.0
[INFO] 2025-12-09 21:41:26 - SMC (State): Nova leitura iniciada para SHA matheus123
[INFO] 2025-12-09 21:41:26 - SMC (State): Já está processando.
[INFO] 2025-12-09 21:41:26 - SMC (State): Transição de estado para EstadoConcluido
[INFO] 2025-12-09 21:41:26 - SMC (Subject): Notificando observadores sobre nova leitura.
[INFO] 2025-12-09 21:41:36 - SMC: Evento detectado: ENTRY_CREATE em /home/rodrigues/Documentos/Painel_monitoramento/Simulador-Hidrometro/Medicoes_199911250009_matheus123/80.jpeg
[INFO] 2025-12-09 21:41:36 - SMC: Iniciando OCR Síncrono para matheus123
[INFO] 2025-12-09 21:41:36 - Adapter A: Tesseract Raw Output: '0/1 8/005 mHBa @Qmin: 0,030 m3/h @°1aeRe aa7994 5hae3'
[INFO] 2025-12-09 21:41:36 - Adapter A: Limpeza: '0/1 8/005 mHBa @Qmin: 0,030 m3/h @°1aeRe aa7994 5hae3' -> '018005003031799453'
[INFO] 2025-12-09 21:41:36 - Adapter A: Tesseract OCR realizado em 80.jpeg -> Valor: 180.0
[INFO] 2025-12-09 21:41:36 - SMC (State): Nova leitura iniciada para SHA matheus123
[INFO] 2025-12-09 21:41:36 - SMC (State): Já está processando.
[INFO] 2025-12-09 21:41:36 - SMC (State): Transição de estado para EstadoConcluido
[INFO] 2025-12-09 21:41:36 - SMC (Subject): Notificando observadores sobre nova leitura.
[INFO] 2025-12-09 21:41:46 - SMC: Evento detectado: ENTRY_CREATE em /home/rodrigues/Documentos/Painel_monitoramento/Simulador-Hidrometro/Medicoes_199911250009_matheus123/81.jpeg
[INFO] 2025-12-09 21:41:46 - SMC: Iniciando OCR Síncrono para matheus123
[INFO] 2025-12-09 21:41:46 - Adapter A: Tesseract Raw Output: '0/1.8|10 7mHBa @Qmin: 0,030 m3/h 9° 4oreCii:994 3Seee1m'
[INFO] 2025-12-09 21:41:46 - Adapter A: Limpeza: '0/1.8|10 7mHBa @Qmin: 0,030 m3/h 9° 4oreCii:994 3Seee1m' -> '018107003039499431'
[INFO] 2025-12-09 21:41:46 - Adapter A: Tesseract OCR realizado em 81.jpeg -> Valor: 181.0
[INFO] 2025-12-09 21:41:46 - SMC (State): Nova leitura iniciada para SHA matheus123
[INFO] 2025-12-09 21:41:46 - SMC (State): Já está processando.
[INFO] 2025-12-09 21:41:46 - SMC (State): Transição de estado para EstadoConcluido
[INFO] 2025-12-09 21:41:46 - SMC (Subject): Notificando observadores sobre nova leitura.
[INFO] 2025-12-09 21:41:56 - SMC: Evento detectado: ENTRY_CREATE em /home/rodrigues/Documentos/Painel_monitoramento/Simulador-Hidrometro/Medicoes_199911250009_matheus123/82.jpeg
[INFO] 2025-12-09 21:41:56 - SMC: Iniciando OCR Síncrono para matheus123
[INFO] 2025-12-09 21:41:56 - Adapter A: Tesseract Raw Output: '0182 m?HBBn @Qmin: 0,030 m/h_ 994omae9° 4 2eoa'
[INFO] 2025-12-09 21:41:56 - Adapter A: Limpeza: '0182 m?HBBn @Qmin: 0,030 m/h_ 994omae9° 4 2eoa' -> '01820030994942'
[INFO] 2025-12-09 21:41:56 - Adapter A: Tesseract OCR realizado em 82.jpeg -> Valor: 182.0
[INFO] 2025-12-09 21:41:56 - SMC (State): Nova leitura iniciada para SHA matheus123
[INFO] 2025-12-09 21:41:56 - SMC (State): Já está processando.
[INFO] 2025-12-09 21:41:56 - SMC (State): Transição de estado para EstadoConcluido
[INFO] 2025-12-09 21:41:56 - SMC (Subject): Notificando observadores sobre nova leitura.
[INFO] 2025-12-09 21:42:06 - SMC: Evento detectado: ENTRY_CREATE em /home/rodrigues/Documentos/Painel_monitoramento/Simulador-Hidrometro/Medicoes_199911250009_matheus123/83.jpeg
[INFO] 2025-12-09 21:42:06 - SMC: Iniciando OCR Síncrono para matheus123
[INFO] 2025-12-09 21:42:06 - Adapter A: Tesseract Raw Output: '0/1 .8|3 0.5mHBa @Qmin: 0,030 m3/h 9° 4grease994 5fae—;'
[INFO] 2025-12-09 21:42:06 - Adapter A: Limpeza: '0/1 .8|3 0.5mHBa @Qmin: 0,030 m3/h 9° 4grease994 5fae—;' -> '01830500303949945'
[INFO] 2025-12-09 21:42:06 - Adapter A: Tesseract OCR realizado em 83.jpeg -> Valor: 183.0
[INFO] 2025-12-09 21:42:06 - SMC (State): Nova leitura iniciada para SHA matheus123
[INFO] 2025-12-09 21:42:06 - SMC (State): Já está processando.
[INFO] 2025-12-09 21:42:06 - SMC (State): Transição de estado para EstadoConcluido
[INFO] 2025-12-09 21:42:06 - SMC (Subject): Notificando observadores sobre nova leitura.
[INFO] 2025-12-09 21:42:16 - SMC: Evento detectado: ENTRY_CREATE em /home/rodrigues/Documentos/Painel_monitoramento/Simulador-Hidrometro/Medicoes_199911250009_matheus123/84.jpeg
[INFO] 2025-12-09 21:42:16 - SMC: Iniciando OCR Síncrono para matheus123
[INFO] 2025-12-09 21:42:16 - Adapter A: Tesseract Raw Output: '0184 m?HBBn @Qmin: 0,030 m/h_ 994Dyeie9% 4 5omce'
[INFO] 2025-12-09 21:42:16 - Adapter A: Limpeza: '0184 m?HBBn @Qmin: 0,030 m/h_ 994Dyeie9% 4 5omce' -> '01840030994945'
[INFO] 2025-12-09 21:42:16 - Adapter A: Tesseract OCR realizado em 84.jpeg -> Valor: 184.0
[INFO] 2025-12-09 21:42:16 - SMC (State): Nova leitura iniciada para SHA matheus123
[INFO] 2025-12-09 21:42:16 - SMC (State): Já está processando.
[INFO] 2025-12-09 21:42:16 - SMC (State): Transição de estado para EstadoConcluido
[INFO] 2025-12-09 21:42:16 - SMC (Subject): Notificando observadores sobre nova leitura.
[INFO] 2025-12-09 21:42:26 - SMC: Evento detectado: ENTRY_CREATE em /home/rodrigues/Documentos/Painel_monitoramento/Simulador-Hidrometro/Medicoes_199911250009_matheus123/85.jpeg
[INFO] 2025-12-09 21:42:26 - SMC: Iniciando OCR Síncrono para matheus123
[INFO] 2025-12-09 21:42:27 - Adapter A: Tesseract Raw Output: '0/1 .8|50.2\mHBa @Qmin: 0,030 m3/h 9° 4etyae:7994 5hae3'
[INFO] 2025-12-09 21:42:27 - Adapter A: Limpeza: '0/1 .8|50.2\mHBa @Qmin: 0,030 m3/h 9° 4etyae:7994 5hae3' -> '0185020030394799453'
[INFO] 2025-12-09 21:42:27 - Adapter A: Tesseract OCR realizado em 85.jpeg -> Valor: 185.0
[INFO] 2025-12-09 21:42:27 - SMC (State): Nova leitura iniciada para SHA matheus123
[INFO] 2025-12-09 21:42:27 - SMC (State): Já está processando.
[INFO] 2025-12-09 21:42:27 - SMC (State): Transição de estado para EstadoConcluido
[INFO] 2025-12-09 21:42:27 - SMC (Subject): Notificando observadores sobre nova leitura.
[INFO] 2025-12-09 21:42:36 - SMC: Evento detectado: ENTRY_CREATE em /home/rodrigues/Documentos/Painel_monitoramento/Simulador-Hidrometro/Medicoes_199911250009_matheus123/86.jpeg
[INFO] 2025-12-09 21:42:36 - SMC: Iniciando OCR Síncrono para matheus123
[INFO] 2025-12-09 21:42:37 - Adapter A: Tesseract Raw Output: '0186 m?HBBn @Qmin: 0,030 m/h_ 994omasZ.9% 4 5Om='
[INFO] 2025-12-09 21:42:37 - Adapter A: Limpeza: '0186 m?HBBn @Qmin: 0,030 m/h_ 994omasZ.9% 4 5Om=' -> '01860030994945'
[INFO] 2025-12-09 21:42:37 - Adapter A: Tesseract OCR realizado em 86.jpeg -> Valor: 186.0
[INFO] 2025-12-09 21:42:37 - SMC (State): Nova leitura iniciada para SHA matheus123
[INFO] 2025-12-09 21:42:37 - SMC (State): Já está processando.
[INFO] 2025-12-09 21:42:37 - SMC (State): Transição de estado para EstadoConcluido
[INFO] 2025-12-09 21:42:37 - SMC (Subject): Notificando observadores sobre nova leitura.
[INFO] 2025-12-09 21:42:47 - SMC: Evento detectado: ENTRY_CREATE em /home/rodrigues/Documentos/Painel_monitoramento/Simulador-Hidrometro/Medicoes_199911250009_matheus123/87.jpeg
[INFO] 2025-12-09 21:42:47 - SMC: Iniciando OCR Síncrono para matheus123
[INFO] 2025-12-09 21:42:48 - Adapter A: Tesseract Raw Output: '0187 m?HBBn @Qmin: 0,030 m/h_ 9%4oDaee°4 £5Pra'
[INFO] 2025-12-09 21:42:48 - Adapter A: Limpeza: '0187 m?HBBn @Qmin: 0,030 m/h_ 9%4oDaee°4 £5Pra' -> '018700309445'
[INFO] 2025-12-09 21:42:48 - Adapter A: Tesseract OCR realizado em 87.jpeg -> Valor: 187.0
[INFO] 2025-12-09 21:42:48 - SMC (State): Nova leitura iniciada para SHA matheus123
[INFO] 2025-12-09 21:42:48 - SMC (State): Já está processando.
[INFO] 2025-12-09 21:42:48 - SMC (State): Transição de estado para EstadoConcluido
[INFO] 2025-12-09 21:42:48 - SMC (Subject): Notificando observadores sobre nova leitura.
[INFO] 2025-12-09 21:42:57 - SMC: Evento detectado: ENTRY_CREATE em /home/rodrigues/Documentos/Painel_monitoramento/Simulador-Hidrometro/Medicoes_199911250009_matheus123/88.jpeg
[INFO] 2025-12-09 21:42:57 - SMC: Iniciando OCR Síncrono para matheus123
[INFO] 2025-12-09 21:42:58 - Adapter A: Tesseract Raw Output: '0188 m?HBoe )Qn: 1.5 mmQmin: 0,030 7h 948 29°3 £548 27 3Bigcd'
[INFO] 2025-12-09 21:42:58 - Adapter A: Limpeza: '0188 m?HBoe )Qn: 1.5 mmQmin: 0,030 7h 948 29°3 £548 27 3Bigcd' -> '01881500307948293548273'
[INFO] 2025-12-09 21:42:58 - Adapter A: Tesseract OCR realizado em 88.jpeg -> Valor: 188.0
[INFO] 2025-12-09 21:42:58 - SMC (State): Nova leitura iniciada para SHA matheus123
[INFO] 2025-12-09 21:42:58 - SMC (State): Já está processando.
[INFO] 2025-12-09 21:42:58 - SMC (State): Transição de estado para EstadoConcluido
[INFO] 2025-12-09 21:42:58 - SMC (Subject): Notificando observadores sobre nova leitura.
[INFO] 2025-12-09 21:43:08 - SMC: Evento detectado: ENTRY_CREATE em /home/rodrigues/Documentos/Painel_monitoramento/Simulador-Hidrometro/Medicoes_199911250009_matheus123/89.jpeg
[INFO] 2025-12-09 21:43:08 - SMC: Iniciando OCR Síncrono para matheus123
[INFO] 2025-12-09 21:43:09 - Adapter A: Tesseract Raw Output: '0189 m?HBBn @Qmin: 0,030 m/h_ 9% 4Daya9% 4 5se'
[INFO] 2025-12-09 21:43:09 - Adapter A: Limpeza: '0189 m?HBBn @Qmin: 0,030 m/h_ 9% 4Daya9% 4 5se' -> '0189003094945'
[INFO] 2025-12-09 21:43:09 - Adapter A: Tesseract OCR realizado em 89.jpeg -> Valor: 189.0
[INFO] 2025-12-09 21:43:09 - SMC (State): Nova leitura iniciada para SHA matheus123
[INFO] 2025-12-09 21:43:09 - SMC (State): Já está processando.
[INFO] 2025-12-09 21:43:09 - SMC (State): Transição de estado para EstadoConcluido
[INFO] 2025-12-09 21:43:09 - SMC (Subject): Notificando observadores sobre nova leitura.
[INFO] 2025-12-09 21:43:20 - SMC: Evento detectado: ENTRY_CREATE em /home/rodrigues/Documentos/Painel_monitoramento/Simulador-Hidrometro/Medicoes_199911250009_matheus123/90.jpeg
[INFO] 2025-12-09 21:43:20 - SMC: Iniciando OCR Síncrono para matheus123
[INFO] 2025-12-09 21:43:20 - Adapter A: Tesseract Raw Output: '0/19/0010 msHBa @Qmin: 0,030 m3/h 9° 4aCare‘a994 5eee1 meg'
[INFO] 2025-12-09 21:43:20 - Adapter A: Limpeza: '0/19/0010 msHBa @Qmin: 0,030 m3/h 9° 4aCare‘a994 5eee1 meg' -> '0190010003039499451'
[INFO] 2025-12-09 21:43:20 - Adapter A: Tesseract OCR realizado em 90.jpeg -> Valor: 190.0
[INFO] 2025-12-09 21:43:20 - SMC (State): Nova leitura iniciada para SHA matheus123
[INFO] 2025-12-09 21:43:20 - SMC (State): Já está processando.
[INFO] 2025-12-09 21:43:20 - SMC (State): Transição de estado para EstadoConcluido
[INFO] 2025-12-09 21:43:20 - SMC (Subject): Notificando observadores sobre nova leitura.
[INFO] 2025-12-09 21:43:31 - SMC: Evento detectado: ENTRY_CREATE em /home/rodrigues/Documentos/Painel_monitoramento/Simulador-Hidrometro/Medicoes_199911250009_matheus123/91.jpeg
[INFO] 2025-12-09 21:43:31 - SMC: Iniciando OCR Síncrono para matheus123
[INFO] 2025-12-09 21:43:31 - Adapter A: Tesseract Raw Output: '0/1.9/10/4 meHBa @Qmin: 0,030 m3/h 9° 4aEASAY994 5eeepes'
[INFO] 2025-12-09 21:43:31 - Adapter A: Limpeza: '0/1.9/10/4 meHBa @Qmin: 0,030 m3/h 9° 4aEASAY994 5eeepes' -> '01910400303949945'
[INFO] 2025-12-09 21:43:31 - Adapter A: Tesseract OCR realizado em 91.jpeg -> Valor: 191.0
[INFO] 2025-12-09 21:43:31 - SMC (State): Nova leitura iniciada para SHA matheus123
[INFO] 2025-12-09 21:43:31 - SMC (State): Já está processando.
[INFO] 2025-12-09 21:43:31 - SMC (State): Transição de estado para EstadoConcluido
[INFO] 2025-12-09 21:43:31 - SMC (Subject): Notificando observadores sobre nova leitura.
[INFO] 2025-12-09 21:43:41 - SMC: Evento detectado: ENTRY_CREATE em /home/rodrigues/Documentos/Painel_monitoramento/Simulador-Hidrometro/Medicoes_199911250009_matheus123/92.jpeg
[INFO] 2025-12-09 21:43:41 - SMC: Iniciando OCR Síncrono para matheus123
[INFO] 2025-12-09 21:43:41 - Adapter A: Tesseract Raw Output: '0192 m?HBBn @Qmin: 0,030 m/h_ 994omoyhe9% 4 5='
[INFO] 2025-12-09 21:43:41 - Adapter A: Limpeza: '0192 m?HBBn @Qmin: 0,030 m/h_ 994omoyhe9% 4 5=' -> '01920030994945'
[INFO] 2025-12-09 21:43:41 - Adapter A: Tesseract OCR realizado em 92.jpeg -> Valor: 192.0
[INFO] 2025-12-09 21:43:41 - SMC (State): Nova leitura iniciada para SHA matheus123
[INFO] 2025-12-09 21:43:41 - SMC (State): Já está processando.
[INFO] 2025-12-09 21:43:41 - SMC (State): Transição de estado para EstadoConcluido
[INFO] 2025-12-09 21:43:41 - SMC (Subject): Notificando observadores sobre nova leitura.
[INFO] 2025-12-09 21:43:52 - SMC: Evento detectado: ENTRY_CREATE em /home/rodrigues/Documentos/Painel_monitoramento/Simulador-Hidrometro/Medicoes_199911250009_matheus123/93.jpeg
[INFO] 2025-12-09 21:43:52 - SMC: Iniciando OCR Síncrono para matheus123
[INFO] 2025-12-09 21:43:52 - Adapter A: Tesseract Raw Output: '0193 m?HBBn @Qmin: 0,030 m/h_ 994omasé9° 5pv;'
[INFO] 2025-12-09 21:43:52 - Adapter A: Limpeza: '0193 m?HBBn @Qmin: 0,030 m/h_ 994omasé9° 5pv;' -> '0193003099495'
[INFO] 2025-12-09 21:43:52 - Adapter A: Tesseract OCR realizado em 93.jpeg -> Valor: 193.0
[INFO] 2025-12-09 21:43:52 - SMC (State): Nova leitura iniciada para SHA matheus123
[INFO] 2025-12-09 21:43:52 - SMC (State): Já está processando.
[INFO] 2025-12-09 21:43:52 - SMC (State): Transição de estado para EstadoConcluido
[INFO] 2025-12-09 21:43:52 - SMC (Subject): Notificando observadores sobre nova leitura.
[INFO] 2025-12-09 21:44:02 - SMC: Evento detectado: ENTRY_CREATE em /home/rodrigues/Documentos/Painel_monitoramento/Simulador-Hidrometro/Medicoes_199911250009_matheus123/94.jpeg
[INFO] 2025-12-09 21:44:02 - SMC: Iniciando OCR Síncrono para matheus123
[INFO] 2025-12-09 21:44:02 - Adapter A: Tesseract Raw Output: '0/19/4015 mHBa @Qmin: 0,030 m3/h 9° 4aaeAF994 3hae3'
[INFO] 2025-12-09 21:44:02 - Adapter A: Limpeza: '0/19/4015 mHBa @Qmin: 0,030 m3/h 9° 4aaeAF994 3hae3' -> '0194015003039499433'
[INFO] 2025-12-09 21:44:02 - Adapter A: Tesseract OCR realizado em 94.jpeg -> Valor: 194.0
[INFO] 2025-12-09 21:44:02 - SMC (State): Nova leitura iniciada para SHA matheus123
[INFO] 2025-12-09 21:44:02 - SMC (State): Já está processando.
[INFO] 2025-12-09 21:44:02 - SMC (State): Transição de estado para EstadoConcluido
[INFO] 2025-12-09 21:44:02 - SMC (Subject): Notificando observadores sobre nova leitura.
[INFO] 2025-12-09 21:44:12 - SMC: Evento detectado: ENTRY_CREATE em /home/rodrigues/Documentos/Painel_monitoramento/Simulador-Hidrometro/Medicoes_199911250009_matheus123/95.jpeg
[INFO] 2025-12-09 21:44:12 - SMC: Iniciando OCR Síncrono para matheus123
[INFO] 2025-12-09 21:44:12 - Adapter A: Tesseract Raw Output: '0195 m?HBBn @Qmin: 0,030 m/h_ 9%4SDasda9%4 5aeco'
[INFO] 2025-12-09 21:44:12 - Adapter A: Limpeza: '0195 m?HBBn @Qmin: 0,030 m/h_ 9%4SDasda9%4 5aeco' -> '0195003094945'
[INFO] 2025-12-09 21:44:12 - Adapter A: Tesseract OCR realizado em 95.jpeg -> Valor: 195.0
[INFO] 2025-12-09 21:44:12 - SMC (State): Nova leitura iniciada para SHA matheus123
[INFO] 2025-12-09 21:44:12 - SMC (State): Já está processando.
[INFO] 2025-12-09 21:44:12 - SMC (State): Transição de estado para EstadoConcluido
[INFO] 2025-12-09 21:44:12 - SMC (Subject): Notificando observadores sobre nova leitura.
[INFO] 2025-12-09 21:44:22 - SMC: Evento detectado: ENTRY_CREATE em /home/rodrigues/Documentos/Painel_monitoramento/Simulador-Hidrometro/Medicoes_199911250009_matheus123/96.jpeg
[INFO] 2025-12-09 21:44:22 - SMC: Iniciando OCR Síncrono para matheus123
[INFO] 2025-12-09 21:44:22 - Adapter A: Tesseract Raw Output: '0/19/6014 meHBa @Qmin: 0,030 m3/h 9° 4granaS994 5eee1 ge'
[INFO] 2025-12-09 21:44:22 - Adapter A: Limpeza: '0/19/6014 meHBa @Qmin: 0,030 m3/h 9° 4granaS994 5eee1 ge' -> '0196014003039499451'
[INFO] 2025-12-09 21:44:22 - Adapter A: Tesseract OCR realizado em 96.jpeg -> Valor: 196.0
[INFO] 2025-12-09 21:44:22 - SMC (State): Nova leitura iniciada para SHA matheus123
[INFO] 2025-12-09 21:44:22 - SMC (State): Já está processando.
[INFO] 2025-12-09 21:44:22 - SMC (State): Transição de estado para EstadoConcluido
[INFO] 2025-12-09 21:44:22 - SMC (Subject): Notificando observadores sobre nova leitura.
[INFO] 2025-12-09 21:44:32 - SMC: Evento detectado: ENTRY_CREATE em /home/rodrigues/Documentos/Painel_monitoramento/Simulador-Hidrometro/Medicoes_199911250009_matheus123/97.jpeg
[INFO] 2025-12-09 21:44:32 - SMC: Iniciando OCR Síncrono para matheus123
[INFO] 2025-12-09 21:44:32 - Adapter A: Tesseract Raw Output: '0/19|7 0.2 \mHBa @aeRe a79° 5oP.Vike'
[INFO] 2025-12-09 21:44:32 - Adapter A: Limpeza: '0/19|7 0.2 \mHBa @aeRe a79° 5oP.Vike' -> '019702795'
[INFO] 2025-12-09 21:44:32 - Adapter A: Tesseract OCR realizado em 97.jpeg -> Valor: 197.0
[INFO] 2025-12-09 21:44:33 - SMC (State): Nova leitura iniciada para SHA matheus123
[INFO] 2025-12-09 21:44:33 - SMC (State): Já está processando.
[INFO] 2025-12-09 21:44:33 - SMC (State): Transição de estado para EstadoConcluido
[INFO] 2025-12-09 21:44:33 - SMC (Subject): Notificando observadores sobre nova leitura.
[INFO] 2025-12-09 21:44:42 - SMC: Evento detectado: ENTRY_CREATE em /home/rodrigues/Documentos/Painel_monitoramento/Simulador-Hidrometro/Medicoes_199911250009_matheus123/98.jpeg
[INFO] 2025-12-09 21:44:42 - SMC: Iniciando OCR Síncrono para matheus123
[INFO] 2025-12-09 21:44:42 - Adapter A: Tesseract Raw Output: '0198 m?HBBn @Qmin: 0,030 m/h_ 9%4aoe,ee9° 5Pom'
[INFO] 2025-12-09 21:44:42 - Adapter A: Limpeza: '0198 m?HBBn @Qmin: 0,030 m/h_ 9%4aoe,ee9° 5Pom' -> '019800309495'
[INFO] 2025-12-09 21:44:42 - Adapter A: Tesseract OCR realizado em 98.jpeg -> Valor: 198.0
[INFO] 2025-12-09 21:44:43 - SMC (State): Nova leitura iniciada para SHA matheus123
[INFO] 2025-12-09 21:44:43 - SMC (State): Já está processando.
[INFO] 2025-12-09 21:44:43 - SMC (State): Transição de estado para EstadoConcluido
[INFO] 2025-12-09 21:44:43 - SMC (Subject): Notificando observadores sobre nova leitura.
[INFO] 2025-12-09 21:44:53 - SMC: Evento detectado: ENTRY_CREATE em /home/rodrigues/Documentos/Painel_monitoramento/Simulador-Hidrometro/Medicoes_199911250009_matheus123/99.jpeg
[INFO] 2025-12-09 21:44:53 - SMC: Iniciando OCR Síncrono para matheus123
[INFO] 2025-12-09 21:44:54 - Adapter A: Tesseract Raw Output: '0199 m?HBBn @Qmin: 0,030 m/h_ 994om3A9% 4 5omoe'
[INFO] 2025-12-09 21:44:54 - Adapter A: Limpeza: '0199 m?HBBn @Qmin: 0,030 m/h_ 994om3A9% 4 5omoe' -> '019900309943945'
[INFO] 2025-12-09 21:44:54 - Adapter A: Tesseract OCR realizado em 99.jpeg -> Valor: 199.0
[INFO] 2025-12-09 21:44:54 - SMC (State): Nova leitura iniciada para SHA matheus123
[INFO] 2025-12-09 21:44:54 - SMC (State): Já está processando.
[INFO] 2025-12-09 21:44:54 - SMC (State): Transição de estado para EstadoConcluido
[INFO] 2025-12-09 21:44:54 - SMC (Subject): Notificando observadores sobre nova leitura.
[INFO] 2025-12-09 21:45:03 - SMC: Evento detectado: ENTRY_CREATE em /home/rodrigues/Documentos/Painel_monitoramento/Simulador-Hidrometro/Medicoes_199911250009_matheus123/00.jpeg
[INFO] 2025-12-09 21:45:03 - SMC: Iniciando OCR Síncrono para matheus123
[INFO] 2025-12-09 21:45:04 - Adapter A: Tesseract Raw Output: '0/2 0/0 0/4 mHBa @Qmin: 0,030 m3/h 9° 4gran:sea994 5eee1 pes'
[INFO] 2025-12-09 21:45:04 - Adapter A: Limpeza: '0/2 0/0 0/4 mHBa @Qmin: 0,030 m3/h 9° 4gran:sea994 5eee1 pes' -> '020004003039499451'
[INFO] 2025-12-09 21:45:04 - Adapter A: Tesseract OCR realizado em 00.jpeg -> Valor: 200.0
[INFO] 2025-12-09 21:45:04 - SMC (State): Nova leitura iniciada para SHA matheus123
[INFO] 2025-12-09 21:45:04 - SMC (State): Já está processando.
[INFO] 2025-12-09 21:45:04 - SMC (State): Transição de estado para EstadoConcluido
[INFO] 2025-12-09 21:45:04 - SMC (Subject): Notificando observadores sobre nova leitura.
[INFO] 2025-12-09 21:45:14 - SMC: Evento detectado: ENTRY_CREATE em /home/rodrigues/Documentos/Painel_monitoramento/Simulador-Hidrometro/Medicoes_199911250009_matheus123/01.jpeg
[INFO] 2025-12-09 21:45:14 - SMC: Iniciando OCR Síncrono para matheus123
[INFO] 2025-12-09 21:45:15 - Adapter A: Tesseract Raw Output: '0201 m?HBBn @Qmin: 0,030 m/h_ 9% %DPyea9° 4 5eoa'
[INFO] 2025-12-09 21:45:15 - Adapter A: Limpeza: '0201 m?HBBn @Qmin: 0,030 m/h_ 9% %DPyea9° 4 5eoa' -> '020100309945'
[INFO] 2025-12-09 21:45:15 - Adapter A: Tesseract OCR realizado em 01.jpeg -> Valor: 201.0
[INFO] 2025-12-09 21:45:15 - SMC (State): Nova leitura iniciada para SHA matheus123
[INFO] 2025-12-09 21:45:15 - SMC (State): Já está processando.
[INFO] 2025-12-09 21:45:15 - SMC (State): Transição de estado para EstadoConcluido
[INFO] 2025-12-09 21:45:15 - SMC (Subject): Notificando observadores sobre nova leitura.
[INFO] 2025-12-09 21:45:24 - SMC: Evento detectado: ENTRY_CREATE em /home/rodrigues/Documentos/Painel_monitoramento/Simulador-Hidrometro/Medicoes_199911250009_matheus123/02.jpeg
[INFO] 2025-12-09 21:45:24 - SMC: Iniciando OCR Síncrono para matheus123
[INFO] 2025-12-09 21:45:25 - Adapter A: Tesseract Raw Output: '0/2 0\2/0 10mHBa @Qmin: 0,030 m3/h 9° 4granaS994 5eee1 pes'
[INFO] 2025-12-09 21:45:25 - Adapter A: Limpeza: '0/2 0\2/0 10mHBa @Qmin: 0,030 m3/h 9° 4granaS994 5eee1 pes' -> '0202010003039499451'
[INFO] 2025-12-09 21:45:25 - Adapter A: Tesseract OCR realizado em 02.jpeg -> Valor: 202.0
[INFO] 2025-12-09 21:45:25 - SMC (State): Nova leitura iniciada para SHA matheus123
[INFO] 2025-12-09 21:45:25 - SMC (State): Já está processando.
[INFO] 2025-12-09 21:45:25 - SMC (State): Transição de estado para EstadoConcluido
[INFO] 2025-12-09 21:45:25 - SMC (Subject): Notificando observadores sobre nova leitura.
[INFO] 2025-12-09 21:45:36 - SMC: Evento detectado: ENTRY_CREATE em /home/rodrigues/Documentos/Painel_monitoramento/Simulador-Hidrometro/Medicoes_199911250009_matheus123/03.jpeg
[INFO] 2025-12-09 21:45:36 - SMC: Iniciando OCR Síncrono para matheus123
[INFO] 2025-12-09 21:45:36 - Adapter A: Tesseract Raw Output: '0/2 0|3 0.5 mHBa @Qmin: 0,030 m3/h 9 4SPae:a994 5eeeee'
[INFO] 2025-12-09 21:45:36 - Adapter A: Limpeza: '0/2 0|3 0.5 mHBa @Qmin: 0,030 m3/h 9 4SPae:a994 5eeeee' -> '02030500303949945'
[INFO] 2025-12-09 21:45:36 - Adapter A: Tesseract OCR realizado em 03.jpeg -> Valor: 203.0
[INFO] 2025-12-09 21:45:36 - SMC (State): Nova leitura iniciada para SHA matheus123
[INFO] 2025-12-09 21:45:36 - SMC (State): Já está processando.
[INFO] 2025-12-09 21:45:36 - SMC (State): Transição de estado para EstadoConcluido
[INFO] 2025-12-09 21:45:36 - SMC (Subject): Notificando observadores sobre nova leitura.
[INFO] 2025-12-09 21:45:45 - SMC: Evento detectado: ENTRY_CREATE em /home/rodrigues/Documentos/Painel_monitoramento/Simulador-Hidrometro/Medicoes_199911250009_matheus123/04.jpeg
[INFO] 2025-12-09 21:45:45 - SMC: Iniciando OCR Síncrono para matheus123
[INFO] 2025-12-09 21:45:45 - Adapter A: Tesseract Raw Output: '0/2 0/403 mHBa @Qmin: 0,030 m3/h 9° 4greea994 5eee1 ge'
[INFO] 2025-12-09 21:45:45 - Adapter A: Limpeza: '0/2 0/403 mHBa @Qmin: 0,030 m3/h 9° 4greea994 5eee1 ge' -> '020403003039499451'
[INFO] 2025-12-09 21:45:45 - Adapter A: Tesseract OCR realizado em 04.jpeg -> Valor: 204.0
[INFO] 2025-12-09 21:45:45 - SMC (State): Nova leitura iniciada para SHA matheus123
[INFO] 2025-12-09 21:45:45 - SMC (State): Já está processando.
[INFO] 2025-12-09 21:45:45 - SMC (State): Transição de estado para EstadoConcluido
[INFO] 2025-12-09 21:45:45 - SMC (Subject): Notificando observadores sobre nova leitura.
[INFO] 2025-12-09 21:45:55 - SMC: Evento detectado: ENTRY_CREATE em /home/rodrigues/Documentos/Painel_monitoramento/Simulador-Hidrometro/Medicoes_199911250009_matheus123/05.jpeg
[INFO] 2025-12-09 21:45:55 - SMC: Iniciando OCR Síncrono para matheus123
[INFO] 2025-12-09 21:45:55 - Adapter A: Tesseract Raw Output: '0/2 0\5 0.5 mHBa @Qmin: 0,030 m3/h 9° 4greCaea:994 5eeepes'
[INFO] 2025-12-09 21:45:55 - Adapter A: Limpeza: '0/2 0\5 0.5 mHBa @Qmin: 0,030 m3/h 9° 4greCaea:994 5eeepes' -> '02050500303949945'
[INFO] 2025-12-09 21:45:55 - Adapter A: Tesseract OCR realizado em 05.jpeg -> Valor: 205.0
[INFO] 2025-12-09 21:45:55 - SMC (State): Nova leitura iniciada para SHA matheus123
[INFO] 2025-12-09 21:45:55 - SMC (State): Já está processando.
[INFO] 2025-12-09 21:45:55 - SMC (State): Transição de estado para EstadoConcluido
[INFO] 2025-12-09 21:45:55 - SMC (Subject): Notificando observadores sobre nova leitura.
[INFO] 2025-12-09 21:46:06 - SMC: Evento detectado: ENTRY_CREATE em /home/rodrigues/Documentos/Painel_monitoramento/Simulador-Hidrometro/Medicoes_199911250009_matheus123/06.jpeg
[INFO] 2025-12-09 21:46:06 - SMC: Iniciando OCR Síncrono para matheus123
[INFO] 2025-12-09 21:46:06 - Adapter A: Tesseract Raw Output: '0/20\6 0.7 mHBa @Qmin: 0,030 m3/h 2° 4vOaea994 5a1a'
[INFO] 2025-12-09 21:46:06 - Adapter A: Limpeza: '0/20\6 0.7 mHBa @Qmin: 0,030 m3/h 2° 4vOaea994 5a1a' -> '020607003032499451'
[INFO] 2025-12-09 21:46:06 - Adapter A: Tesseract OCR realizado em 06.jpeg -> Valor: 206.0
[INFO] 2025-12-09 21:46:06 - SMC (State): Nova leitura iniciada para SHA matheus123
[INFO] 2025-12-09 21:46:06 - SMC (State): Já está processando.
[INFO] 2025-12-09 21:46:06 - SMC (State): Transição de estado para EstadoConcluido
[INFO] 2025-12-09 21:46:06 - SMC (Subject): Notificando observadores sobre nova leitura.
[INFO] 2025-12-09 21:46:15 - SMC: Evento detectado: ENTRY_CREATE em /home/rodrigues/Documentos/Painel_monitoramento/Simulador-Hidrometro/Medicoes_199911250009_matheus123/07.jpeg
[INFO] 2025-12-09 21:46:15 - SMC: Iniciando OCR Síncrono para matheus123
[INFO] 2025-12-09 21:46:15 - Adapter A: Tesseract Raw Output: '0/2 0\7 010 mHBa @Qmin: 0,030 m3/h @°1aeRe aa7994 5hae3'
[INFO] 2025-12-09 21:46:15 - Adapter A: Limpeza: '0/2 0\7 010 mHBa @Qmin: 0,030 m3/h @°1aeRe aa7994 5hae3' -> '0207010003031799453'
[INFO] 2025-12-09 21:46:15 - Adapter A: Tesseract OCR realizado em 07.jpeg -> Valor: 207.0
[INFO] 2025-12-09 21:46:15 - SMC (State): Nova leitura iniciada para SHA matheus123
[INFO] 2025-12-09 21:46:15 - SMC (State): Já está processando.
[INFO] 2025-12-09 21:46:15 - SMC (State): Transição de estado para EstadoConcluido
[INFO] 2025-12-09 21:46:15 - SMC (Subject): Notificando observadores sobre nova leitura.
[INFO] 2025-12-09 21:46:26 - SMC: Evento detectado: ENTRY_CREATE em /home/rodrigues/Documentos/Painel_monitoramento/Simulador-Hidrometro/Medicoes_199911250009_matheus123/08.jpeg
[INFO] 2025-12-09 21:46:26 - SMC: Iniciando OCR Síncrono para matheus123
[INFO] 2025-12-09 21:46:26 - Adapter A: Tesseract Raw Output: '0208 m?HBBn @Qmin: 0,030 m/h_ 9°QOaedef9% 4 5sa'
[INFO] 2025-12-09 21:46:26 - Adapter A: Limpeza: '0208 m?HBBn @Qmin: 0,030 m/h_ 9°QOaedef9% 4 5sa' -> '020800309945'
[INFO] 2025-12-09 21:46:26 - Adapter A: Tesseract OCR realizado em 08.jpeg -> Valor: 208.0
[INFO] 2025-12-09 21:46:26 - SMC (State): Nova leitura iniciada para SHA matheus123
[INFO] 2025-12-09 21:46:26 - SMC (State): Já está processando.
[INFO] 2025-12-09 21:46:26 - SMC (State): Transição de estado para EstadoConcluido
[INFO] 2025-12-09 21:46:26 - SMC (Subject): Notificando observadores sobre nova leitura.
[INFO] 2025-12-09 21:46:35 - SMC: Evento detectado: ENTRY_CREATE em /home/rodrigues/Documentos/Painel_monitoramento/Simulador-Hidrometro/Medicoes_199911250009_matheus123/09.jpeg
[INFO] 2025-12-09 21:46:35 - SMC: Iniciando OCR Síncrono para matheus123
[INFO] 2025-12-09 21:46:35 - Adapter A: Tesseract Raw Output: '0/2 0\9 0.7 mHBa @aeRe a79 4 5foal ipvide'
[INFO] 2025-12-09 21:46:35 - Adapter A: Limpeza: '0/2 0\9 0.7 mHBa @aeRe a79 4 5foal ipvide' -> '0209077945'
[INFO] 2025-12-09 21:46:35 - Adapter A: Tesseract OCR realizado em 09.jpeg -> Valor: 209.0
[INFO] 2025-12-09 21:46:35 - SMC (State): Nova leitura iniciada para SHA matheus123
[INFO] 2025-12-09 21:46:35 - SMC (State): Já está processando.
[INFO] 2025-12-09 21:46:35 - SMC (State): Transição de estado para EstadoConcluido
[INFO] 2025-12-09 21:46:35 - SMC (Subject): Notificando observadores sobre nova leitura.
[INFO] 2025-12-09 21:46:45 - SMC: Evento detectado: ENTRY_CREATE em /home/rodrigues/Documentos/Painel_monitoramento/Simulador-Hidrometro/Medicoes_199911250009_matheus123/10.jpeg
[INFO] 2025-12-09 21:46:45 - SMC: Iniciando OCR Síncrono para matheus123
[INFO] 2025-12-09 21:46:45 - Adapter A: Tesseract Raw Output: '0/2 1/005 mHBa @Qmin: 0,030 m3/h 9° 4aay8994 5iaae'
[INFO] 2025-12-09 21:46:45 - Adapter A: Limpeza: '0/2 1/005 mHBa @Qmin: 0,030 m3/h 9° 4aay8994 5iaae' -> '021005003039489945'
[INFO] 2025-12-09 21:46:45 - Adapter A: Tesseract OCR realizado em 10.jpeg -> Valor: 210.0
[INFO] 2025-12-09 21:46:45 - SMC (State): Nova leitura iniciada para SHA matheus123
[INFO] 2025-12-09 21:46:45 - SMC (State): Já está processando.
[INFO] 2025-12-09 21:46:45 - SMC (State): Transição de estado para EstadoConcluido
[INFO] 2025-12-09 21:46:45 - SMC (Subject): Notificando observadores sobre nova leitura.
[INFO] 2025-12-09 21:46:55 - SMC: Evento detectado: ENTRY_CREATE em /home/rodrigues/Documentos/Painel_monitoramento/Simulador-Hidrometro/Medicoes_199911250009_matheus123/11.jpeg
[INFO] 2025-12-09 21:46:55 - SMC: Iniciando OCR Síncrono para matheus123
[INFO] 2025-12-09 21:46:55 - Adapter A: Tesseract Raw Output: '02141 m?HBBn @Qmin: 0,030 m/h_ 9°eeaadef9% 4 5omoe'
[INFO] 2025-12-09 21:46:55 - Adapter A: Limpeza: '02141 m?HBBn @Qmin: 0,030 m/h_ 9°eeaadef9% 4 5omoe' -> '0214100309945'
[INFO] 2025-12-09 21:46:55 - Adapter A: Tesseract OCR realizado em 11.jpeg -> Valor: 214.0
[INFO] 2025-12-09 21:46:56 - SMC (State): Nova leitura iniciada para SHA matheus123
[INFO] 2025-12-09 21:46:56 - SMC (State): Já está processando.
[INFO] 2025-12-09 21:46:56 - SMC (State): Transição de estado para EstadoConcluido
[INFO] 2025-12-09 21:46:56 - SMC (Subject): Notificando observadores sobre nova leitura.
[INFO] 2025-12-09 21:47:05 - SMC: Evento detectado: ENTRY_CREATE em /home/rodrigues/Documentos/Painel_monitoramento/Simulador-Hidrometro/Medicoes_199911250009_matheus123/12.jpeg
[INFO] 2025-12-09 21:47:05 - SMC: Iniciando OCR Síncrono para matheus123
[INFO] 2025-12-09 21:47:06 - Adapter A: Tesseract Raw Output: '0/21/20 .2\mHBa @Qmin: 0,030 m3/h 9° 4gra.138994 5a1a'
[INFO] 2025-12-09 21:47:06 - Adapter A: Limpeza: '0/21/20 .2\mHBa @Qmin: 0,030 m3/h 9° 4gra.138994 5a1a' -> '021202003039413899451'
[INFO] 2025-12-09 21:47:06 - Adapter A: Tesseract OCR realizado em 12.jpeg -> Valor: 212.0
[INFO] 2025-12-09 21:47:06 - SMC (State): Nova leitura iniciada para SHA matheus123
[INFO] 2025-12-09 21:47:06 - SMC (State): Já está processando.
[INFO] 2025-12-09 21:47:06 - SMC (State): Transição de estado para EstadoConcluido
[INFO] 2025-12-09 21:47:06 - SMC (Subject): Notificando observadores sobre nova leitura.
[INFO] 2025-12-09 21:47:15 - SMC: Evento detectado: ENTRY_CREATE em /home/rodrigues/Documentos/Painel_monitoramento/Simulador-Hidrometro/Medicoes_199911250009_matheus123/13.jpeg
[INFO] 2025-12-09 21:47:15 - SMC: Iniciando OCR Síncrono para matheus123
[INFO] 2025-12-09 21:47:16 - Adapter A: Tesseract Raw Output: '0/2 1/30/1 msHBa @Qmin: 0,030 m3/h 9° 4ot2Re ase994 5iaae'
[INFO] 2025-12-09 21:47:16 - Adapter A: Limpeza: '0/2 1/30/1 msHBa @Qmin: 0,030 m3/h 9° 4ot2Re ase994 5iaae' -> '021301003039429945'
[INFO] 2025-12-09 21:47:16 - Adapter A: Tesseract OCR realizado em 13.jpeg -> Valor: 213.0
[INFO] 2025-12-09 21:47:16 - SMC (State): Nova leitura iniciada para SHA matheus123
[INFO] 2025-12-09 21:47:16 - SMC (State): Já está processando.
[INFO] 2025-12-09 21:47:16 - SMC (State): Transição de estado para EstadoConcluido
[INFO] 2025-12-09 21:47:16 - SMC (Subject): Notificando observadores sobre nova leitura.
[INFO] 2025-12-09 21:47:26 - SMC: Evento detectado: ENTRY_CREATE em /home/rodrigues/Documentos/Painel_monitoramento/Simulador-Hidrometro/Medicoes_199911250009_matheus123/14.jpeg
[INFO] 2025-12-09 21:47:26 - SMC: Iniciando OCR Síncrono para matheus123
[INFO] 2025-12-09 21:47:27 - Adapter A: Tesseract Raw Output: '02/1/4110 mHBx @Qmin: 0,030 m/h_ 994aea:994 E55aet'
[INFO] 2025-12-09 21:47:27 - Adapter A: Limpeza: '02/1/4110 mHBx @Qmin: 0,030 m/h_ 994aea:994 E55aet' -> '0214110003099499455'
[INFO] 2025-12-09 21:47:27 - Adapter A: Tesseract OCR realizado em 14.jpeg -> Valor: 214.0
[INFO] 2025-12-09 21:47:27 - SMC (State): Nova leitura iniciada para SHA matheus123
[INFO] 2025-12-09 21:47:27 - SMC (State): Já está processando.
[INFO] 2025-12-09 21:47:27 - SMC (State): Transição de estado para EstadoConcluido
[INFO] 2025-12-09 21:47:27 - SMC (Subject): Notificando observadores sobre nova leitura.
[INFO] 2025-12-09 21:47:35 - SMC: Evento detectado: ENTRY_CREATE em /home/rodrigues/Documentos/Painel_monitoramento/Simulador-Hidrometro/Medicoes_199911250009_matheus123/15.jpeg
[INFO] 2025-12-09 21:47:35 - SMC: Iniciando OCR Síncrono para matheus123
[INFO] 2025-12-09 21:47:36 - Adapter A: Tesseract Raw Output: '0/2 1/5010 mHBa @Qmin: 0,030 m3/h 9\ 1aeRe7994 5eee1 pes'
[INFO] 2025-12-09 21:47:36 - Adapter A: Limpeza: '0/2 1/5010 mHBa @Qmin: 0,030 m3/h 9\ 1aeRe7994 5eee1 pes' -> '02150100030391799451'
[INFO] 2025-12-09 21:47:36 - Adapter A: Tesseract OCR realizado em 15.jpeg -> Valor: 215.0
[INFO] 2025-12-09 21:47:36 - SMC (State): Nova leitura iniciada para SHA matheus123
[INFO] 2025-12-09 21:47:36 - SMC (State): Já está processando.
[INFO] 2025-12-09 21:47:36 - SMC (State): Transição de estado para EstadoConcluido
[INFO] 2025-12-09 21:47:36 - SMC (Subject): Notificando observadores sobre nova leitura.
[INFO] 2025-12-09 21:47:47 - SMC: Evento detectado: ENTRY_CREATE em /home/rodrigues/Documentos/Painel_monitoramento/Simulador-Hidrometro/Medicoes_199911250009_matheus123/16.jpeg
[INFO] 2025-12-09 21:47:47 - SMC: Iniciando OCR Síncrono para matheus123
[INFO] 2025-12-09 21:47:47 - Adapter A: Tesseract Raw Output: '0216 m?HBBn @Qmin: 0,030 m/h_ 9% yDiyi9% 4 5='
[INFO] 2025-12-09 21:47:47 - Adapter A: Limpeza: '0216 m?HBBn @Qmin: 0,030 m/h_ 9% yDiyi9% 4 5=' -> '021600309945'
[INFO] 2025-12-09 21:47:47 - Adapter A: Tesseract OCR realizado em 16.jpeg -> Valor: 216.0
[INFO] 2025-12-09 21:47:47 - SMC (State): Nova leitura iniciada para SHA matheus123
[INFO] 2025-12-09 21:47:47 - SMC (State): Já está processando.
[INFO] 2025-12-09 21:47:47 - SMC (State): Transição de estado para EstadoConcluido
[INFO] 2025-12-09 21:47:47 - SMC (Subject): Notificando observadores sobre nova leitura.
[INFO] 2025-12-09 21:47:57 - SMC: Evento detectado: ENTRY_CREATE em /home/rodrigues/Documentos/Painel_monitoramento/Simulador-Hidrometro/Medicoes_199911250009_matheus123/17.jpeg
[INFO] 2025-12-09 21:47:57 - SMC: Iniciando OCR Síncrono para matheus123
[INFO] 2025-12-09 21:47:57 - Adapter A: Tesseract Raw Output: '0217 m?HBBn @Qmin: 0,030 m/h_ QoOraade°4 £5Pra'
[INFO] 2025-12-09 21:47:57 - Adapter A: Limpeza: '0217 m?HBBn @Qmin: 0,030 m/h_ QoOraade°4 £5Pra' -> '0217003045'
[INFO] 2025-12-09 21:47:57 - Adapter A: Tesseract OCR realizado em 17.jpeg -> Valor: 217.0
[INFO] 2025-12-09 21:47:57 - SMC (State): Nova leitura iniciada para SHA matheus123
[INFO] 2025-12-09 21:47:57 - SMC (State): Já está processando.
[INFO] 2025-12-09 21:47:57 - SMC (State): Transição de estado para EstadoConcluido
[INFO] 2025-12-09 21:47:57 - SMC (Subject): Notificando observadores sobre nova leitura.
[INFO] 2025-12-09 21:48:08 - SMC: Evento detectado: ENTRY_CREATE em /home/rodrigues/Documentos/Painel_monitoramento/Simulador-Hidrometro/Medicoes_199911250009_matheus123/18.jpeg
[INFO] 2025-12-09 21:48:08 - SMC: Iniciando OCR Síncrono para matheus123
[INFO] 2025-12-09 21:48:08 - Adapter A: Tesseract Raw Output: '0/2 1|8 0/4 mHBa @Qmin: 0,030 m3/h 9° 4aUNS\s994 &eee1m'
[INFO] 2025-12-09 21:48:08 - Adapter A: Limpeza: '0/2 1|8 0/4 mHBa @Qmin: 0,030 m3/h 9° 4aUNS\s994 &eee1m' -> '02180400303949941'
[INFO] 2025-12-09 21:48:08 - Adapter A: Tesseract OCR realizado em 18.jpeg -> Valor: 218.0
[INFO] 2025-12-09 21:48:08 - SMC (State): Nova leitura iniciada para SHA matheus123
[INFO] 2025-12-09 21:48:08 - SMC (State): Já está processando.
[INFO] 2025-12-09 21:48:08 - SMC (State): Transição de estado para EstadoConcluido
[INFO] 2025-12-09 21:48:08 - SMC (Subject): Notificando observadores sobre nova leitura.
[INFO] 2025-12-09 21:48:18 - SMC: Evento detectado: ENTRY_CREATE em /home/rodrigues/Documentos/Painel_monitoramento/Simulador-Hidrometro/Medicoes_199911250009_matheus123/19.jpeg
[INFO] 2025-12-09 21:48:18 - SMC: Iniciando OCR Síncrono para matheus123
[INFO] 2025-12-09 21:48:18 - Adapter A: Tesseract Raw Output: '0/2 1|9 010mHBa @Qmin: 0,030 m3/h 9° 4aa:AS994 5eeees'
[INFO] 2025-12-09 21:48:18 - Adapter A: Limpeza: '0/2 1|9 010mHBa @Qmin: 0,030 m3/h 9° 4aa:AS994 5eeees' -> '021901000303949945'
[INFO] 2025-12-09 21:48:18 - Adapter A: Tesseract OCR realizado em 19.jpeg -> Valor: 219.0
[INFO] 2025-12-09 21:48:18 - SMC (State): Nova leitura iniciada para SHA matheus123
[INFO] 2025-12-09 21:48:18 - SMC (State): Já está processando.
[INFO] 2025-12-09 21:48:18 - SMC (State): Transição de estado para EstadoConcluido
[INFO] 2025-12-09 21:48:18 - SMC (Subject): Notificando observadores sobre nova leitura.
[INFO] 2025-12-09 21:48:29 - SMC: Evento detectado: ENTRY_CREATE em /home/rodrigues/Documentos/Painel_monitoramento/Simulador-Hidrometro/Medicoes_199911250009_matheus123/20.jpeg
[INFO] 2025-12-09 21:48:29 - SMC: Iniciando OCR Síncrono para matheus123
[INFO] 2025-12-09 21:48:29 - Adapter A: Tesseract Raw Output: '0220 m?HBBn @Qmin: 0,030 m/h_ 994omallsi9% 4 3Omq 3'
[INFO] 2025-12-09 21:48:29 - Adapter A: Limpeza: '0220 m?HBBn @Qmin: 0,030 m/h_ 994omallsi9% 4 3Omq 3' -> '022000309949433'
[INFO] 2025-12-09 21:48:29 - Adapter A: Tesseract OCR realizado em 20.jpeg -> Valor: 220.0
[INFO] 2025-12-09 21:48:30 - SMC (State): Nova leitura iniciada para SHA matheus123
[INFO] 2025-12-09 21:48:30 - SMC (State): Já está processando.
[INFO] 2025-12-09 21:48:30 - SMC (State): Transição de estado para EstadoConcluido
[INFO] 2025-12-09 21:48:30 - SMC (Subject): Notificando observadores sobre nova leitura.
[INFO] 2025-12-09 21:48:40 - SMC: Evento detectado: ENTRY_CREATE em /home/rodrigues/Documentos/Painel_monitoramento/Simulador-Hidrometro/Medicoes_199911250009_matheus123/21.jpeg
[INFO] 2025-12-09 21:48:40 - SMC: Iniciando OCR Síncrono para matheus123
[INFO] 2025-12-09 21:48:40 - Adapter A: Tesseract Raw Output: '0221 m?HBBn @Qmin: 0,030 m/h_ 994aes9\o 1 5aDLy'
[INFO] 2025-12-09 21:48:40 - Adapter A: Limpeza: '0221 m?HBBn @Qmin: 0,030 m/h_ 994aes9\o 1 5aDLy' -> '02210030994915'
[INFO] 2025-12-09 21:48:40 - Adapter A: Tesseract OCR realizado em 21.jpeg -> Valor: 221.0
[INFO] 2025-12-09 21:48:40 - SMC (State): Nova leitura iniciada para SHA matheus123
[INFO] 2025-12-09 21:48:40 - SMC (State): Já está processando.
[INFO] 2025-12-09 21:48:40 - SMC (State): Transição de estado para EstadoConcluido
[INFO] 2025-12-09 21:48:40 - SMC (Subject): Notificando observadores sobre nova leitura.
[INFO] 2025-12-09 21:48:50 - SMC: Evento detectado: ENTRY_CREATE em /home/rodrigues/Documentos/Painel_monitoramento/Simulador-Hidrometro/Medicoes_199911250009_matheus123/22.jpeg
[INFO] 2025-12-09 21:48:50 - SMC: Iniciando OCR Síncrono para matheus123
[INFO] 2025-12-09 21:48:50 - Adapter A: Tesseract Raw Output: '0222 m?HBBn @Qmin: 0,030 m/h_ 994omaé.9% 4 5='
[INFO] 2025-12-09 21:48:50 - Adapter A: Limpeza: '0222 m?HBBn @Qmin: 0,030 m/h_ 994omaé.9% 4 5=' -> '02220030994945'
[INFO] 2025-12-09 21:48:50 - Adapter A: Tesseract OCR realizado em 22.jpeg -> Valor: 222.0
[INFO] 2025-12-09 21:48:50 - SMC (State): Nova leitura iniciada para SHA matheus123
[INFO] 2025-12-09 21:48:50 - SMC (State): Já está processando.
[INFO] 2025-12-09 21:48:50 - SMC (State): Transição de estado para EstadoConcluido
[INFO] 2025-12-09 21:48:50 - SMC (Subject): Notificando observadores sobre nova leitura.
[INFO] 2025-12-09 21:49:00 - SMC: Evento detectado: ENTRY_CREATE em /home/rodrigues/Documentos/Painel_monitoramento/Simulador-Hidrometro/Medicoes_199911250009_matheus123/23.jpeg
[INFO] 2025-12-09 21:49:00 - SMC: Iniciando OCR Síncrono para matheus123
[INFO] 2025-12-09 21:49:00 - Adapter A: Tesseract Raw Output: '0223 m?HBBn @Qmin: 0,030 m/h_ AP 4aaedos9% 4 5oO'
[INFO] 2025-12-09 21:49:00 - Adapter A: Limpeza: '0223 m?HBBn @Qmin: 0,030 m/h_ AP 4aaedos9% 4 5oO' -> '022300304945'
[INFO] 2025-12-09 21:49:00 - Adapter A: Tesseract OCR realizado em 23.jpeg -> Valor: 223.0
[INFO] 2025-12-09 21:49:00 - SMC (State): Nova leitura iniciada para SHA matheus123
[INFO] 2025-12-09 21:49:00 - SMC (State): Já está processando.
[INFO] 2025-12-09 21:49:00 - SMC (State): Transição de estado para EstadoConcluido
[INFO] 2025-12-09 21:49:00 - SMC (Subject): Notificando observadores sobre nova leitura.
[INFO] 2025-12-09 21:49:11 - SMC: Evento detectado: ENTRY_CREATE em /home/rodrigues/Documentos/Painel_monitoramento/Simulador-Hidrometro/Medicoes_199911250009_matheus123/24.jpeg
[INFO] 2025-12-09 21:49:11 - SMC: Iniciando OCR Síncrono para matheus123
[INFO] 2025-12-09 21:49:11 - Adapter A: Tesseract Raw Output: '0/2 2/4019 mHBa @Qmin: 0,030 m3/h 9° 4gran9 °F 5oP.ahs'
[INFO] 2025-12-09 21:49:11 - Adapter A: Limpeza: '0/2 2/4019 mHBa @Qmin: 0,030 m3/h 9° 4gran9 °F 5oP.ahs' -> '0224019003039495'
[INFO] 2025-12-09 21:49:11 - Adapter A: Tesseract OCR realizado em 24.jpeg -> Valor: 224.0
[INFO] 2025-12-09 21:49:12 - SMC (State): Nova leitura iniciada para SHA matheus123
[INFO] 2025-12-09 21:49:12 - SMC (State): Já está processando.
[INFO] 2025-12-09 21:49:12 - SMC (State): Transição de estado para EstadoConcluido
[INFO] 2025-12-09 21:49:12 - SMC (Subject): Notificando observadores sobre nova leitura.
[INFO] 2025-12-09 21:49:21 - SMC: Evento detectado: ENTRY_CREATE em /home/rodrigues/Documentos/Painel_monitoramento/Simulador-Hidrometro/Medicoes_199911250009_matheus123/25.jpeg
[INFO] 2025-12-09 21:49:21 - SMC: Iniciando OCR Síncrono para matheus123
[INFO] 2025-12-09 21:49:22 - Adapter A: Tesseract Raw Output: '0225 m?HBVAQmin: 0,030 msn 9°48 27 3ae £538 2z 3654'
[INFO] 2025-12-09 21:49:22 - Adapter A: Limpeza: '0225 m?HBVAQmin: 0,030 msn 9°48 27 3ae £538 2z 3654' -> '0225003094827353823654'
[INFO] 2025-12-09 21:49:22 - Adapter A: Tesseract OCR realizado em 25.jpeg -> Valor: 225.0
[INFO] 2025-12-09 21:49:22 - SMC (State): Nova leitura iniciada para SHA matheus123
[INFO] 2025-12-09 21:49:22 - SMC (State): Já está processando.
[INFO] 2025-12-09 21:49:22 - SMC (State): Transição de estado para EstadoConcluido
[INFO] 2025-12-09 21:49:22 - SMC (Subject): Notificando observadores sobre nova leitura.
